{"C:\\Users\\Ali\\code\\projects\\ecom-api\\src\\tests\\configData.js":{"path":"C:\\Users\\Ali\\code\\projects\\ecom-api\\src\\tests\\configData.js","statementMap":{"0":{"start":{"line":3,"column":0},"end":{"line":5,"column":3}},"1":{"start":{"line":6,"column":0},"end":{"line":6,"column":50}},"2":{"start":{"line":7,"column":16},"end":{"line":11,"column":1}},"3":{"start":{"line":12,"column":0},"end":{"line":12,"column":30}},"4":{"start":{"line":13,"column":19},"end":{"line":17,"column":1}},"5":{"start":{"line":18,"column":0},"end":{"line":18,"column":36}}},"fnMap":{},"branchMap":{},"s":{"0":1,"1":1,"2":1,"3":1,"4":1,"5":1},"f":{},"b":{},"inputSourceMap":{"version":3,"sources":["configData.js"],"names":["dummyUser","username","email","password","dummyProduct","name","price","description"],"mappings":";;;;;;AAAO,IAAMA,SAAS,GAAG;AACrBC,EAAAA,QAAQ,EAAE,MADW;AAErBC,EAAAA,KAAK,EAAE,eAFc;AAGrBC,EAAAA,QAAQ,EAAE;AAHW,CAAlB;;AAMA,IAAMC,YAAY,GAAG;AACxBC,EAAAA,IAAI,EAAE,aADkB;AAExBC,EAAAA,KAAK,EAAE,EAFiB;AAGxBC,EAAAA,WAAW,EAAE;AAHW,CAArB","sourceRoot":"C:\\Users\\Ali\\code\\projects\\ecom-api\\src\\tests\\","sourcesContent":["export const dummyUser = {\r\n    username: 'test',\r\n    email: 'test@test.com',\r\n    password: 'test13',\r\n}\r\n\r\nexport const dummyProduct = {\r\n    name: 'Random Book',\r\n    price: 45,\r\n    description: 'Book\\'s description',\r\n}\r\n"]},"_coverageSchema":"1a1c01bbd47fc00a2c39e90264f33305004495a9","hash":"3027a0c541e515d126d41f180c54bec97dbf88ae","contentHash":"44da93c0726053bece8fe901797515fa465cfc190f3f2b3a6884c610902dba76"},"C:\\Users\\Ali\\code\\projects\\ecom-api\\src\\tests\\endpoints\\order.js":{"path":"C:\\Users\\Ali\\code\\projects\\ecom-api\\src\\tests\\endpoints\\order.js","statementMap":{"0":{"start":{"line":3,"column":29},"end":{"line":3,"column":84}},"1":{"start":{"line":5,"column":30},"end":{"line":5,"column":86}},"2":{"start":{"line":7,"column":12},"end":{"line":7,"column":52}},"3":{"start":{"line":9,"column":16},"end":{"line":9,"column":60}},"4":{"start":{"line":11,"column":14},"end":{"line":11,"column":61}},"5":{"start":{"line":13,"column":13},"end":{"line":13,"column":66}},"6":{"start":{"line":15,"column":22},"end":{"line":15,"column":73}},"7":{"start":{"line":17,"column":12},"end":{"line":17,"column":64}},"8":{"start":{"line":19,"column":15},"end":{"line":19,"column":70}},"9":{"start":{"line":21,"column":18},"end":{"line":21,"column":42}},"10":{"start":{"line":24,"column":0},"end":{"line":24,"column":26}},"11":{"start":{"line":26,"column":0},"end":{"line":26,"column":49}},"12":{"start":{"line":28,"column":0},"end":{"line":28,"column":43}},"13":{"start":{"line":32,"column":0},"end":{"line":301,"column":3}},"14":{"start":{"line":33,"column":2},"end":{"line":39,"column":5}},"15":{"start":{"line":34,"column":4},"end":{"line":38,"column":7}},"16":{"start":{"line":35,"column":6},"end":{"line":37,"column":9}},"17":{"start":{"line":36,"column":8},"end":{"line":36,"column":15}},"18":{"start":{"line":41,"column":2},"end":{"line":70,"column":5}},"19":{"start":{"line":42,"column":4},"end":{"line":57,"column":7}},"20":{"start":{"line":43,"column":6},"end":{"line":56,"column":9}},"21":{"start":{"line":44,"column":8},"end":{"line":55,"column":11}},"22":{"start":{"line":47,"column":10},"end":{"line":54,"column":13}},"23":{"start":{"line":48,"column":12},"end":{"line":48,"column":40}},"24":{"start":{"line":49,"column":12},"end":{"line":49,"column":43}},"25":{"start":{"line":50,"column":12},"end":{"line":50,"column":63}},"26":{"start":{"line":51,"column":12},"end":{"line":51,"column":64}},"27":{"start":{"line":52,"column":12},"end":{"line":52,"column":48}},"28":{"start":{"line":53,"column":12},"end":{"line":53,"column":19}},"29":{"start":{"line":59,"column":4},"end":{"line":69,"column":7}},"30":{"start":{"line":60,"column":6},"end":{"line":68,"column":9}},"31":{"start":{"line":61,"column":8},"end":{"line":61,"column":36}},"32":{"start":{"line":62,"column":8},"end":{"line":62,"column":39}},"33":{"start":{"line":63,"column":8},"end":{"line":63,"column":58}},"34":{"start":{"line":64,"column":8},"end":{"line":64,"column":50}},"35":{"start":{"line":65,"column":8},"end":{"line":65,"column":147}},"36":{"start":{"line":66,"column":8},"end":{"line":66,"column":95}},"37":{"start":{"line":67,"column":8},"end":{"line":67,"column":15}},"38":{"start":{"line":72,"column":2},"end":{"line":109,"column":5}},"39":{"start":{"line":73,"column":4},"end":{"line":96,"column":7}},"40":{"start":{"line":74,"column":6},"end":{"line":95,"column":9}},"41":{"start":{"line":75,"column":8},"end":{"line":75,"column":46}},"42":{"start":{"line":76,"column":8},"end":{"line":94,"column":11}},"43":{"start":{"line":77,"column":10},"end":{"line":93,"column":13}},"44":{"start":{"line":81,"column":12},"end":{"line":92,"column":15}},"45":{"start":{"line":84,"column":14},"end":{"line":84,"column":42}},"46":{"start":{"line":85,"column":14},"end":{"line":85,"column":45}},"47":{"start":{"line":86,"column":14},"end":{"line":86,"column":65}},"48":{"start":{"line":87,"column":14},"end":{"line":87,"column":65}},"49":{"start":{"line":88,"column":14},"end":{"line":88,"column":66}},"50":{"start":{"line":89,"column":14},"end":{"line":89,"column":50}},"51":{"start":{"line":90,"column":14},"end":{"line":90,"column":81}},"52":{"start":{"line":91,"column":14},"end":{"line":91,"column":21}},"53":{"start":{"line":98,"column":4},"end":{"line":108,"column":7}},"54":{"start":{"line":99,"column":6},"end":{"line":107,"column":9}},"55":{"start":{"line":100,"column":8},"end":{"line":100,"column":36}},"56":{"start":{"line":101,"column":8},"end":{"line":101,"column":39}},"57":{"start":{"line":102,"column":8},"end":{"line":102,"column":58}},"58":{"start":{"line":103,"column":8},"end":{"line":103,"column":50}},"59":{"start":{"line":104,"column":8},"end":{"line":104,"column":147}},"60":{"start":{"line":105,"column":8},"end":{"line":105,"column":95}},"61":{"start":{"line":106,"column":8},"end":{"line":106,"column":15}},"62":{"start":{"line":111,"column":2},"end":{"line":148,"column":5}},"63":{"start":{"line":112,"column":4},"end":{"line":135,"column":7}},"64":{"start":{"line":113,"column":6},"end":{"line":134,"column":9}},"65":{"start":{"line":114,"column":8},"end":{"line":114,"column":46}},"66":{"start":{"line":115,"column":8},"end":{"line":133,"column":11}},"67":{"start":{"line":116,"column":10},"end":{"line":132,"column":13}},"68":{"start":{"line":120,"column":12},"end":{"line":131,"column":15}},"69":{"start":{"line":123,"column":14},"end":{"line":123,"column":42}},"70":{"start":{"line":124,"column":14},"end":{"line":124,"column":45}},"71":{"start":{"line":125,"column":14},"end":{"line":125,"column":65}},"72":{"start":{"line":126,"column":14},"end":{"line":126,"column":65}},"73":{"start":{"line":127,"column":14},"end":{"line":127,"column":66}},"74":{"start":{"line":128,"column":14},"end":{"line":128,"column":50}},"75":{"start":{"line":129,"column":14},"end":{"line":129,"column":81}},"76":{"start":{"line":130,"column":14},"end":{"line":130,"column":21}},"77":{"start":{"line":137,"column":4},"end":{"line":147,"column":7}},"78":{"start":{"line":138,"column":6},"end":{"line":146,"column":9}},"79":{"start":{"line":139,"column":8},"end":{"line":139,"column":36}},"80":{"start":{"line":140,"column":8},"end":{"line":140,"column":39}},"81":{"start":{"line":141,"column":8},"end":{"line":141,"column":58}},"82":{"start":{"line":142,"column":8},"end":{"line":142,"column":50}},"83":{"start":{"line":143,"column":8},"end":{"line":143,"column":147}},"84":{"start":{"line":144,"column":8},"end":{"line":144,"column":95}},"85":{"start":{"line":145,"column":8},"end":{"line":145,"column":15}},"86":{"start":{"line":150,"column":2},"end":{"line":186,"column":5}},"87":{"start":{"line":151,"column":4},"end":{"line":173,"column":7}},"88":{"start":{"line":152,"column":6},"end":{"line":172,"column":9}},"89":{"start":{"line":153,"column":8},"end":{"line":153,"column":46}},"90":{"start":{"line":154,"column":8},"end":{"line":171,"column":11}},"91":{"start":{"line":155,"column":10},"end":{"line":170,"column":13}},"92":{"start":{"line":158,"column":12},"end":{"line":169,"column":15}},"93":{"start":{"line":161,"column":14},"end":{"line":161,"column":42}},"94":{"start":{"line":162,"column":14},"end":{"line":162,"column":45}},"95":{"start":{"line":163,"column":14},"end":{"line":163,"column":65}},"96":{"start":{"line":164,"column":14},"end":{"line":164,"column":65}},"97":{"start":{"line":165,"column":14},"end":{"line":165,"column":66}},"98":{"start":{"line":166,"column":14},"end":{"line":166,"column":50}},"99":{"start":{"line":167,"column":14},"end":{"line":167,"column":81}},"100":{"start":{"line":168,"column":14},"end":{"line":168,"column":21}},"101":{"start":{"line":175,"column":4},"end":{"line":185,"column":7}},"102":{"start":{"line":176,"column":6},"end":{"line":184,"column":9}},"103":{"start":{"line":177,"column":8},"end":{"line":177,"column":36}},"104":{"start":{"line":178,"column":8},"end":{"line":178,"column":39}},"105":{"start":{"line":179,"column":8},"end":{"line":179,"column":58}},"106":{"start":{"line":180,"column":8},"end":{"line":180,"column":50}},"107":{"start":{"line":181,"column":8},"end":{"line":181,"column":147}},"108":{"start":{"line":182,"column":8},"end":{"line":182,"column":95}},"109":{"start":{"line":183,"column":8},"end":{"line":183,"column":15}},"110":{"start":{"line":188,"column":2},"end":{"line":224,"column":5}},"111":{"start":{"line":189,"column":4},"end":{"line":211,"column":7}},"112":{"start":{"line":190,"column":6},"end":{"line":210,"column":9}},"113":{"start":{"line":191,"column":8},"end":{"line":191,"column":46}},"114":{"start":{"line":192,"column":8},"end":{"line":209,"column":11}},"115":{"start":{"line":193,"column":10},"end":{"line":208,"column":13}},"116":{"start":{"line":196,"column":12},"end":{"line":207,"column":15}},"117":{"start":{"line":199,"column":14},"end":{"line":199,"column":42}},"118":{"start":{"line":200,"column":14},"end":{"line":200,"column":45}},"119":{"start":{"line":201,"column":14},"end":{"line":201,"column":65}},"120":{"start":{"line":202,"column":14},"end":{"line":202,"column":65}},"121":{"start":{"line":203,"column":14},"end":{"line":203,"column":66}},"122":{"start":{"line":204,"column":14},"end":{"line":204,"column":50}},"123":{"start":{"line":205,"column":14},"end":{"line":205,"column":81}},"124":{"start":{"line":206,"column":14},"end":{"line":206,"column":21}},"125":{"start":{"line":213,"column":4},"end":{"line":223,"column":7}},"126":{"start":{"line":214,"column":6},"end":{"line":222,"column":9}},"127":{"start":{"line":215,"column":8},"end":{"line":215,"column":36}},"128":{"start":{"line":216,"column":8},"end":{"line":216,"column":39}},"129":{"start":{"line":217,"column":8},"end":{"line":217,"column":58}},"130":{"start":{"line":218,"column":8},"end":{"line":218,"column":50}},"131":{"start":{"line":219,"column":8},"end":{"line":219,"column":147}},"132":{"start":{"line":220,"column":8},"end":{"line":220,"column":95}},"133":{"start":{"line":221,"column":8},"end":{"line":221,"column":15}},"134":{"start":{"line":226,"column":2},"end":{"line":262,"column":5}},"135":{"start":{"line":227,"column":4},"end":{"line":249,"column":7}},"136":{"start":{"line":228,"column":6},"end":{"line":248,"column":9}},"137":{"start":{"line":229,"column":8},"end":{"line":229,"column":46}},"138":{"start":{"line":230,"column":8},"end":{"line":247,"column":11}},"139":{"start":{"line":231,"column":10},"end":{"line":246,"column":13}},"140":{"start":{"line":235,"column":12},"end":{"line":245,"column":15}},"141":{"start":{"line":238,"column":14},"end":{"line":238,"column":42}},"142":{"start":{"line":239,"column":14},"end":{"line":239,"column":45}},"143":{"start":{"line":240,"column":14},"end":{"line":240,"column":65}},"144":{"start":{"line":241,"column":14},"end":{"line":241,"column":65}},"145":{"start":{"line":242,"column":14},"end":{"line":242,"column":66}},"146":{"start":{"line":243,"column":14},"end":{"line":243,"column":50}},"147":{"start":{"line":244,"column":14},"end":{"line":244,"column":21}},"148":{"start":{"line":251,"column":4},"end":{"line":261,"column":7}},"149":{"start":{"line":252,"column":6},"end":{"line":260,"column":9}},"150":{"start":{"line":253,"column":8},"end":{"line":253,"column":36}},"151":{"start":{"line":254,"column":8},"end":{"line":254,"column":39}},"152":{"start":{"line":255,"column":8},"end":{"line":255,"column":58}},"153":{"start":{"line":256,"column":8},"end":{"line":256,"column":50}},"154":{"start":{"line":257,"column":8},"end":{"line":257,"column":147}},"155":{"start":{"line":258,"column":8},"end":{"line":258,"column":95}},"156":{"start":{"line":259,"column":8},"end":{"line":259,"column":15}},"157":{"start":{"line":264,"column":2},"end":{"line":300,"column":5}},"158":{"start":{"line":265,"column":4},"end":{"line":287,"column":7}},"159":{"start":{"line":266,"column":6},"end":{"line":286,"column":9}},"160":{"start":{"line":267,"column":8},"end":{"line":267,"column":46}},"161":{"start":{"line":268,"column":8},"end":{"line":285,"column":11}},"162":{"start":{"line":269,"column":10},"end":{"line":284,"column":13}},"163":{"start":{"line":273,"column":12},"end":{"line":283,"column":15}},"164":{"start":{"line":276,"column":14},"end":{"line":276,"column":42}},"165":{"start":{"line":277,"column":14},"end":{"line":277,"column":45}},"166":{"start":{"line":278,"column":14},"end":{"line":278,"column":65}},"167":{"start":{"line":279,"column":14},"end":{"line":279,"column":65}},"168":{"start":{"line":280,"column":14},"end":{"line":280,"column":66}},"169":{"start":{"line":281,"column":14},"end":{"line":281,"column":50}},"170":{"start":{"line":282,"column":14},"end":{"line":282,"column":21}},"171":{"start":{"line":289,"column":4},"end":{"line":299,"column":7}},"172":{"start":{"line":290,"column":6},"end":{"line":298,"column":9}},"173":{"start":{"line":291,"column":8},"end":{"line":291,"column":36}},"174":{"start":{"line":292,"column":8},"end":{"line":292,"column":39}},"175":{"start":{"line":293,"column":8},"end":{"line":293,"column":58}},"176":{"start":{"line":294,"column":8},"end":{"line":294,"column":50}},"177":{"start":{"line":295,"column":8},"end":{"line":295,"column":147}},"178":{"start":{"line":296,"column":8},"end":{"line":296,"column":95}},"179":{"start":{"line":297,"column":8},"end":{"line":297,"column":15}}},"fnMap":{"0":{"name":"(anonymous_0)","decl":{"start":{"line":32,"column":19},"end":{"line":32,"column":20}},"loc":{"start":{"line":32,"column":35},"end":{"line":301,"column":1}},"line":32},"1":{"name":"(anonymous_1)","decl":{"start":{"line":33,"column":13},"end":{"line":33,"column":14}},"loc":{"start":{"line":33,"column":29},"end":{"line":39,"column":3}},"line":33},"2":{"name":"(anonymous_2)","decl":{"start":{"line":34,"column":37},"end":{"line":34,"column":38}},"loc":{"start":{"line":34,"column":52},"end":{"line":38,"column":5}},"line":34},"3":{"name":"(anonymous_3)","decl":{"start":{"line":35,"column":38},"end":{"line":35,"column":39}},"loc":{"start":{"line":35,"column":53},"end":{"line":37,"column":7}},"line":35},"4":{"name":"(anonymous_4)","decl":{"start":{"line":41,"column":38},"end":{"line":41,"column":39}},"loc":{"start":{"line":41,"column":50},"end":{"line":70,"column":3}},"line":41},"5":{"name":"(anonymous_5)","decl":{"start":{"line":42,"column":51},"end":{"line":42,"column":52}},"loc":{"start":{"line":42,"column":67},"end":{"line":57,"column":5}},"line":42},"6":{"name":"(anonymous_6)","decl":{"start":{"line":43,"column":62},"end":{"line":43,"column":63}},"loc":{"start":{"line":43,"column":75},"end":{"line":56,"column":7}},"line":43},"7":{"name":"(anonymous_7)","decl":{"start":{"line":46,"column":23},"end":{"line":46,"column":24}},"loc":{"start":{"line":46,"column":36},"end":{"line":55,"column":9}},"line":46},"8":{"name":"(anonymous_8)","decl":{"start":{"line":47,"column":90},"end":{"line":47,"column":91}},"loc":{"start":{"line":47,"column":110},"end":{"line":54,"column":11}},"line":47},"9":{"name":"(anonymous_9)","decl":{"start":{"line":59,"column":60},"end":{"line":59,"column":61}},"loc":{"start":{"line":59,"column":76},"end":{"line":69,"column":5}},"line":59},"10":{"name":"(anonymous_10)","decl":{"start":{"line":60,"column":79},"end":{"line":60,"column":80}},"loc":{"start":{"line":60,"column":99},"end":{"line":68,"column":7}},"line":60},"11":{"name":"(anonymous_11)","decl":{"start":{"line":72,"column":33},"end":{"line":72,"column":34}},"loc":{"start":{"line":72,"column":45},"end":{"line":109,"column":3}},"line":72},"12":{"name":"(anonymous_12)","decl":{"start":{"line":73,"column":48},"end":{"line":73,"column":49}},"loc":{"start":{"line":73,"column":64},"end":{"line":96,"column":5}},"line":73},"13":{"name":"(anonymous_13)","decl":{"start":{"line":74,"column":62},"end":{"line":74,"column":63}},"loc":{"start":{"line":74,"column":75},"end":{"line":95,"column":7}},"line":74},"14":{"name":"(anonymous_14)","decl":{"start":{"line":76,"column":70},"end":{"line":76,"column":71}},"loc":{"start":{"line":76,"column":83},"end":{"line":94,"column":9}},"line":76},"15":{"name":"(anonymous_15)","decl":{"start":{"line":80,"column":25},"end":{"line":80,"column":26}},"loc":{"start":{"line":80,"column":38},"end":{"line":93,"column":11}},"line":80},"16":{"name":"(anonymous_16)","decl":{"start":{"line":83,"column":19},"end":{"line":83,"column":20}},"loc":{"start":{"line":83,"column":39},"end":{"line":92,"column":13}},"line":83},"17":{"name":"(anonymous_17)","decl":{"start":{"line":98,"column":60},"end":{"line":98,"column":61}},"loc":{"start":{"line":98,"column":76},"end":{"line":108,"column":5}},"line":98},"18":{"name":"(anonymous_18)","decl":{"start":{"line":99,"column":80},"end":{"line":99,"column":81}},"loc":{"start":{"line":99,"column":100},"end":{"line":107,"column":7}},"line":99},"19":{"name":"(anonymous_19)","decl":{"start":{"line":111,"column":35},"end":{"line":111,"column":36}},"loc":{"start":{"line":111,"column":47},"end":{"line":148,"column":3}},"line":111},"20":{"name":"(anonymous_20)","decl":{"start":{"line":112,"column":50},"end":{"line":112,"column":51}},"loc":{"start":{"line":112,"column":66},"end":{"line":135,"column":5}},"line":112},"21":{"name":"(anonymous_21)","decl":{"start":{"line":113,"column":62},"end":{"line":113,"column":63}},"loc":{"start":{"line":113,"column":75},"end":{"line":134,"column":7}},"line":113},"22":{"name":"(anonymous_22)","decl":{"start":{"line":115,"column":70},"end":{"line":115,"column":71}},"loc":{"start":{"line":115,"column":83},"end":{"line":133,"column":9}},"line":115},"23":{"name":"(anonymous_23)","decl":{"start":{"line":119,"column":25},"end":{"line":119,"column":26}},"loc":{"start":{"line":119,"column":38},"end":{"line":132,"column":11}},"line":119},"24":{"name":"(anonymous_24)","decl":{"start":{"line":122,"column":19},"end":{"line":122,"column":20}},"loc":{"start":{"line":122,"column":39},"end":{"line":131,"column":13}},"line":122},"25":{"name":"(anonymous_25)","decl":{"start":{"line":137,"column":60},"end":{"line":137,"column":61}},"loc":{"start":{"line":137,"column":76},"end":{"line":147,"column":5}},"line":137},"26":{"name":"(anonymous_26)","decl":{"start":{"line":138,"column":85},"end":{"line":138,"column":86}},"loc":{"start":{"line":138,"column":105},"end":{"line":146,"column":7}},"line":138},"27":{"name":"(anonymous_27)","decl":{"start":{"line":150,"column":35},"end":{"line":150,"column":36}},"loc":{"start":{"line":150,"column":47},"end":{"line":186,"column":3}},"line":150},"28":{"name":"(anonymous_28)","decl":{"start":{"line":151,"column":53},"end":{"line":151,"column":54}},"loc":{"start":{"line":151,"column":69},"end":{"line":173,"column":5}},"line":151},"29":{"name":"(anonymous_29)","decl":{"start":{"line":152,"column":62},"end":{"line":152,"column":63}},"loc":{"start":{"line":152,"column":75},"end":{"line":172,"column":7}},"line":152},"30":{"name":"(anonymous_30)","decl":{"start":{"line":154,"column":70},"end":{"line":154,"column":71}},"loc":{"start":{"line":154,"column":83},"end":{"line":171,"column":9}},"line":154},"31":{"name":"(anonymous_31)","decl":{"start":{"line":157,"column":25},"end":{"line":157,"column":26}},"loc":{"start":{"line":157,"column":38},"end":{"line":170,"column":11}},"line":157},"32":{"name":"(anonymous_32)","decl":{"start":{"line":160,"column":19},"end":{"line":160,"column":20}},"loc":{"start":{"line":160,"column":39},"end":{"line":169,"column":13}},"line":160},"33":{"name":"(anonymous_33)","decl":{"start":{"line":175,"column":60},"end":{"line":175,"column":61}},"loc":{"start":{"line":175,"column":76},"end":{"line":185,"column":5}},"line":175},"34":{"name":"(anonymous_34)","decl":{"start":{"line":176,"column":85},"end":{"line":176,"column":86}},"loc":{"start":{"line":176,"column":105},"end":{"line":184,"column":7}},"line":176},"35":{"name":"(anonymous_35)","decl":{"start":{"line":188,"column":34},"end":{"line":188,"column":35}},"loc":{"start":{"line":188,"column":46},"end":{"line":224,"column":3}},"line":188},"36":{"name":"(anonymous_36)","decl":{"start":{"line":189,"column":52},"end":{"line":189,"column":53}},"loc":{"start":{"line":189,"column":68},"end":{"line":211,"column":5}},"line":189},"37":{"name":"(anonymous_37)","decl":{"start":{"line":190,"column":62},"end":{"line":190,"column":63}},"loc":{"start":{"line":190,"column":75},"end":{"line":210,"column":7}},"line":190},"38":{"name":"(anonymous_38)","decl":{"start":{"line":192,"column":70},"end":{"line":192,"column":71}},"loc":{"start":{"line":192,"column":83},"end":{"line":209,"column":9}},"line":192},"39":{"name":"(anonymous_39)","decl":{"start":{"line":195,"column":25},"end":{"line":195,"column":26}},"loc":{"start":{"line":195,"column":38},"end":{"line":208,"column":11}},"line":195},"40":{"name":"(anonymous_40)","decl":{"start":{"line":198,"column":19},"end":{"line":198,"column":20}},"loc":{"start":{"line":198,"column":39},"end":{"line":207,"column":13}},"line":198},"41":{"name":"(anonymous_41)","decl":{"start":{"line":213,"column":60},"end":{"line":213,"column":61}},"loc":{"start":{"line":213,"column":76},"end":{"line":223,"column":5}},"line":213},"42":{"name":"(anonymous_42)","decl":{"start":{"line":214,"column":80},"end":{"line":214,"column":81}},"loc":{"start":{"line":214,"column":100},"end":{"line":222,"column":7}},"line":214},"43":{"name":"(anonymous_43)","decl":{"start":{"line":226,"column":37},"end":{"line":226,"column":38}},"loc":{"start":{"line":226,"column":49},"end":{"line":262,"column":3}},"line":226},"44":{"name":"(anonymous_44)","decl":{"start":{"line":227,"column":52},"end":{"line":227,"column":53}},"loc":{"start":{"line":227,"column":68},"end":{"line":249,"column":5}},"line":227},"45":{"name":"(anonymous_45)","decl":{"start":{"line":228,"column":62},"end":{"line":228,"column":63}},"loc":{"start":{"line":228,"column":75},"end":{"line":248,"column":7}},"line":228},"46":{"name":"(anonymous_46)","decl":{"start":{"line":230,"column":70},"end":{"line":230,"column":71}},"loc":{"start":{"line":230,"column":83},"end":{"line":247,"column":9}},"line":230},"47":{"name":"(anonymous_47)","decl":{"start":{"line":234,"column":25},"end":{"line":234,"column":26}},"loc":{"start":{"line":234,"column":38},"end":{"line":246,"column":11}},"line":234},"48":{"name":"(anonymous_48)","decl":{"start":{"line":237,"column":19},"end":{"line":237,"column":20}},"loc":{"start":{"line":237,"column":39},"end":{"line":245,"column":13}},"line":237},"49":{"name":"(anonymous_49)","decl":{"start":{"line":251,"column":60},"end":{"line":251,"column":61}},"loc":{"start":{"line":251,"column":76},"end":{"line":261,"column":5}},"line":251},"50":{"name":"(anonymous_50)","decl":{"start":{"line":252,"column":86},"end":{"line":252,"column":87}},"loc":{"start":{"line":252,"column":106},"end":{"line":260,"column":7}},"line":252},"51":{"name":"(anonymous_51)","decl":{"start":{"line":264,"column":38},"end":{"line":264,"column":39}},"loc":{"start":{"line":264,"column":50},"end":{"line":300,"column":3}},"line":264},"52":{"name":"(anonymous_52)","decl":{"start":{"line":265,"column":53},"end":{"line":265,"column":54}},"loc":{"start":{"line":265,"column":69},"end":{"line":287,"column":5}},"line":265},"53":{"name":"(anonymous_53)","decl":{"start":{"line":266,"column":62},"end":{"line":266,"column":63}},"loc":{"start":{"line":266,"column":75},"end":{"line":286,"column":7}},"line":266},"54":{"name":"(anonymous_54)","decl":{"start":{"line":268,"column":70},"end":{"line":268,"column":71}},"loc":{"start":{"line":268,"column":83},"end":{"line":285,"column":9}},"line":268},"55":{"name":"(anonymous_55)","decl":{"start":{"line":272,"column":25},"end":{"line":272,"column":26}},"loc":{"start":{"line":272,"column":38},"end":{"line":284,"column":11}},"line":272},"56":{"name":"(anonymous_56)","decl":{"start":{"line":275,"column":19},"end":{"line":275,"column":20}},"loc":{"start":{"line":275,"column":39},"end":{"line":283,"column":13}},"line":275},"57":{"name":"(anonymous_57)","decl":{"start":{"line":289,"column":60},"end":{"line":289,"column":61}},"loc":{"start":{"line":289,"column":76},"end":{"line":299,"column":5}},"line":289},"58":{"name":"(anonymous_58)","decl":{"start":{"line":290,"column":91},"end":{"line":290,"column":92}},"loc":{"start":{"line":290,"column":111},"end":{"line":298,"column":7}},"line":290}},"branchMap":{},"s":{"0":1,"1":1,"2":1,"3":1,"4":1,"5":1,"6":1,"7":1,"8":1,"9":1,"10":1,"11":1,"12":1,"13":1,"14":1,"15":14,"16":14,"17":14,"18":1,"19":1,"20":1,"21":1,"22":1,"23":1,"24":1,"25":1,"26":1,"27":1,"28":1,"29":1,"30":1,"31":1,"32":1,"33":1,"34":1,"35":1,"36":1,"37":1,"38":1,"39":1,"40":1,"41":1,"42":1,"43":1,"44":1,"45":1,"46":1,"47":1,"48":1,"49":1,"50":1,"51":1,"52":1,"53":1,"54":1,"55":1,"56":1,"57":1,"58":1,"59":1,"60":1,"61":1,"62":1,"63":1,"64":1,"65":1,"66":1,"67":1,"68":1,"69":1,"70":1,"71":1,"72":1,"73":1,"74":1,"75":1,"76":1,"77":1,"78":1,"79":1,"80":1,"81":1,"82":1,"83":1,"84":1,"85":1,"86":1,"87":1,"88":1,"89":1,"90":1,"91":1,"92":1,"93":1,"94":1,"95":1,"96":1,"97":1,"98":1,"99":1,"100":1,"101":1,"102":1,"103":1,"104":1,"105":1,"106":1,"107":1,"108":1,"109":1,"110":1,"111":1,"112":1,"113":1,"114":1,"115":1,"116":1,"117":1,"118":1,"119":1,"120":1,"121":1,"122":1,"123":1,"124":1,"125":1,"126":1,"127":1,"128":1,"129":1,"130":1,"131":1,"132":1,"133":1,"134":1,"135":1,"136":1,"137":1,"138":1,"139":1,"140":1,"141":1,"142":1,"143":1,"144":1,"145":1,"146":1,"147":1,"148":1,"149":1,"150":1,"151":1,"152":1,"153":1,"154":1,"155":1,"156":1,"157":1,"158":1,"159":1,"160":1,"161":1,"162":1,"163":1,"164":1,"165":1,"166":1,"167":1,"168":1,"169":1,"170":1,"171":1,"172":1,"173":1,"174":1,"175":1,"176":1,"177":1,"178":1,"179":1},"f":{"0":1,"1":14,"2":14,"3":14,"4":1,"5":1,"6":1,"7":1,"8":1,"9":1,"10":1,"11":1,"12":1,"13":1,"14":1,"15":1,"16":1,"17":1,"18":1,"19":1,"20":1,"21":1,"22":1,"23":1,"24":1,"25":1,"26":1,"27":1,"28":1,"29":1,"30":1,"31":1,"32":1,"33":1,"34":1,"35":1,"36":1,"37":1,"38":1,"39":1,"40":1,"41":1,"42":1,"43":1,"44":1,"45":1,"46":1,"47":1,"48":1,"49":1,"50":1,"51":1,"52":1,"53":1,"54":1,"55":1,"56":1,"57":1,"58":1},"b":{},"inputSourceMap":{"version":3,"sources":["order.js"],"names":["chai","should","use","chaiDateString","chaiHttp","describe","done","beforeEach","Order","deleteMany","err","User","it","dummyUser","save","then","u","user","_id","o","request","server","get","end","res","have","status","body","be","a","property","eql","data","length","logError","message","dummyProduct","Product","p","currentOrders","send","product_id","toString","previousOrders","put"],"mappings":";;;;;;AAAA;;AACA;;AACA;;AACA;;AACA;;AACA;;AACA;;AACA;;AAEA;AACAA,iBAAKC,MAAL;;AACAD,iBAAKE,GAAL,CAASC,0BAAT;;AACAH,iBAAKE,GAAL,CAASE,oBAAT,E,CACA;AACA;;;AAEAC,QAAQ,CAAC,QAAD,EAAW,UAACC,IAAD,EAAU;AACzBC,EAAAA,UAAU,CAAC,UAACD,IAAD,EAAU;AACjBE,sBAAMC,UAAN,CAAiB,EAAjB,EAAqB,UAACC,GAAD,EAAS;AAC1BC,uBAAKF,UAAL,CAAgB,EAAhB,EAAoB,UAACC,GAAD,EAAS;AACzBJ,QAAAA,IAAI;AACP,OAFD;AAGH,KAJD;AAKH,GANS,CAAV,CADyB,CASzB;;AACAD,EAAAA,QAAQ,CAAC,yBAAD,EAA4B,YAAM;AACtCO,IAAAA,EAAE,CAAC,0CAAD,EAA6C,UAACN,IAAD,EAAU;AACrD,UAAIK,gBAAJ,CAASE,qBAAT,EAAoBC,IAApB,GAA2BC,IAA3B,CAAgC,UAACC,CAAD,EAAO;AACnC,YAAIR,iBAAJ,CAAU;AACNS,UAAAA,IAAI,EAAED,CAAC,CAACE;AADF,SAAV,EAGCJ,IAHD,GAGQC,IAHR,CAGa,UAACI,CAAD,EAAO;AAChBnB,2BAAKoB,OAAL,CAAaC,kBAAb,EACCC,GADD,mBACgBH,CAAC,CAACF,IADlB,GAECM,GAFD,CAEK,UAACb,GAAD,EAAMc,GAAN,EAAc;AACfA,YAAAA,GAAG,CAACvB,MAAJ,CAAWwB,IAAX,CAAgBC,MAAhB,CAAuB,GAAvB;AACAF,YAAAA,GAAG,CAACG,IAAJ,CAAS1B,MAAT,CAAgB2B,EAAhB,CAAmBC,CAAnB,CAAqB,QAArB;AACAL,YAAAA,GAAG,CAACG,IAAJ,CAAS1B,MAAT,CAAgBwB,IAAhB,CAAqBK,QAArB,CAA8B,QAA9B,EAAwCC,GAAxC,CAA4C,KAA5C;AACAP,YAAAA,GAAG,CAACG,IAAJ,CAAS1B,MAAT,CAAgBwB,IAAhB,CAAqBK,QAArB,CAA8B,MAA9B,EAAsCF,EAAtC,CAAyCC,CAAzC,CAA2C,OAA3C;AACAL,YAAAA,GAAG,CAACG,IAAJ,CAASK,IAAT,CAAc/B,MAAd,CAAqBwB,IAArB,CAA0BQ,MAA1B,CAAiC,CAAjC;AACA3B,YAAAA,IAAI;AACP,WATD;AAUH,SAdD;AAeH,OAhBD;AAiBH,KAlBC,CAAF,CADsC,CAoBtC;;AACAM,IAAAA,EAAE,CAAC,mDAAD,EAAsD,UAACN,IAAD,EAAU;AAC9DN,uBAAKoB,OAAL,CAAaC,kBAAb,EACKC,GADL,qBAEKC,GAFL,CAES,UAACb,GAAD,EAAMc,GAAN,EAAc;AACnBA,QAAAA,GAAG,CAACvB,MAAJ,CAAWwB,IAAX,CAAgBC,MAAhB,CAAuB,GAAvB;AACAF,QAAAA,GAAG,CAACG,IAAJ,CAAS1B,MAAT,CAAgB2B,EAAhB,CAAmBC,CAAnB,CAAqB,QAArB;AACAL,QAAAA,GAAG,CAACG,IAAJ,CAAS1B,MAAT,CAAgBwB,IAAhB,CAAqBK,QAArB,CAA8B,QAA9B,EAAwCC,GAAxC,CAA4C,IAA5C;AACAP,QAAAA,GAAG,CAACG,IAAJ,CAAS1B,MAAT,CAAgBwB,IAAhB,CAAqBK,QAArB,CAA8B,UAA9B;AACA,0BAAON,GAAG,CAACG,IAAJ,CAASO,QAAhB,EAA0BH,GAA1B,CAA8B,gGAA9B;AACA,0BAAOP,GAAG,CAACG,IAAJ,CAASQ,OAAhB,EAAyBJ,GAAzB,CAA6B,6CAA7B;AACAzB,QAAAA,IAAI;AACP,OAVD;AAWH,KAZC,CAAF;AAaH,GAlCO,CAAR,CAVyB,CA8CzB;;AACAD,EAAAA,QAAQ,CAAC,oBAAD,EAAuB,YAAM;AACjCO,IAAAA,EAAE,CAAC,uCAAD,EAA0C,UAACN,IAAD,EAAU;AAClD,UAAIK,gBAAJ,CAASE,qBAAT,EAAoBC,IAApB,GAA2BC,IAA3B,CAAgC,UAACC,CAAD,EAAO;AACnCoB,iCAAanB,IAAb,GAAoBD,CAAC,CAACE,GAAtB;AACA,YAAImB,mBAAJ,CAAYD,wBAAZ,EAA0BtB,IAA1B,GAAiCC,IAAjC,CAAsC,UAACuB,CAAD,EAAO;AACzC,cAAI9B,iBAAJ,CAAU;AACNS,YAAAA,IAAI,EAAED,CAAC,CAACE,GADF;AAENqB,YAAAA,aAAa,EAAE,CAACD,CAAC,CAACpB,GAAH;AAFT,WAAV,EAGGJ,IAHH,GAGUC,IAHV,CAGe,UAACI,CAAD,EAAO;AAClBnB,6BAAKoB,OAAL,CAAaC,kBAAb,EACCC,GADD,kBACeH,CAAC,CAACF,IADjB,GAECuB,IAFD,CAEM;AAAEC,cAAAA,UAAU,EAAEH,CAAC,CAACpB;AAAhB,aAFN,EAGCK,GAHD,CAGK,UAACb,GAAD,EAAMc,GAAN,EAAc;AACfA,cAAAA,GAAG,CAACvB,MAAJ,CAAWwB,IAAX,CAAgBC,MAAhB,CAAuB,GAAvB;AACAF,cAAAA,GAAG,CAACG,IAAJ,CAAS1B,MAAT,CAAgB2B,EAAhB,CAAmBC,CAAnB,CAAqB,QAArB;AACAL,cAAAA,GAAG,CAACG,IAAJ,CAAS1B,MAAT,CAAgBwB,IAAhB,CAAqBK,QAArB,CAA8B,QAA9B,EAAwCC,GAAxC,CAA4C,KAA5C;AACAP,cAAAA,GAAG,CAACG,IAAJ,CAAS1B,MAAT,CAAgBwB,IAAhB,CAAqBK,QAArB,CAA8B,SAA9B,EAAyCC,GAAzC,CAA6C,IAA7C;AACAP,cAAAA,GAAG,CAACG,IAAJ,CAAS1B,MAAT,CAAgBwB,IAAhB,CAAqBK,QAArB,CAA8B,MAA9B,EAAsCF,EAAtC,CAAyCC,CAAzC,CAA2C,OAA3C;AACAL,cAAAA,GAAG,CAACG,IAAJ,CAASK,IAAT,CAAc/B,MAAd,CAAqBwB,IAArB,CAA0BQ,MAA1B,CAAiC,CAAjC;AACAT,cAAAA,GAAG,CAACG,IAAJ,CAASK,IAAT,CAAc,CAAd,EAAiB/B,MAAjB,CAAwBwB,IAAxB,CAA6BK,QAA7B,CAAsC,KAAtC,EAA6CC,GAA7C,CAAiDO,CAAC,CAACpB,GAAF,CAAMwB,QAAN,EAAjD;AACApC,cAAAA,IAAI;AACP,aAZD;AAaH,WAjBD;AAkBH,SAnBD;AAoBH,OAtBD;AAuBH,KAxBC,CAAF,CADiC,CA0BjC;;AACAM,IAAAA,EAAE,CAAC,mDAAD,EAAsD,UAACN,IAAD,EAAU;AAC9DN,uBAAKoB,OAAL,CAAaC,kBAAb,EACKC,GADL,sBAEKC,GAFL,CAES,UAACb,GAAD,EAAMc,GAAN,EAAc;AACnBA,QAAAA,GAAG,CAACvB,MAAJ,CAAWwB,IAAX,CAAgBC,MAAhB,CAAuB,GAAvB;AACAF,QAAAA,GAAG,CAACG,IAAJ,CAAS1B,MAAT,CAAgB2B,EAAhB,CAAmBC,CAAnB,CAAqB,QAArB;AACAL,QAAAA,GAAG,CAACG,IAAJ,CAAS1B,MAAT,CAAgBwB,IAAhB,CAAqBK,QAArB,CAA8B,QAA9B,EAAwCC,GAAxC,CAA4C,IAA5C;AACAP,QAAAA,GAAG,CAACG,IAAJ,CAAS1B,MAAT,CAAgBwB,IAAhB,CAAqBK,QAArB,CAA8B,UAA9B;AACA,0BAAON,GAAG,CAACG,IAAJ,CAASO,QAAhB,EAA0BH,GAA1B,CAA8B,gGAA9B;AACA,0BAAOP,GAAG,CAACG,IAAJ,CAASQ,OAAhB,EAAyBJ,GAAzB,CAA6B,6CAA7B;AACAzB,QAAAA,IAAI;AACP,OAVD;AAWH,KAZC,CAAF;AAaH,GAxCO,CAAR,CA/CyB,CAyFzB;;AACAD,EAAAA,QAAQ,CAAC,sBAAD,EAAyB,YAAM;AACnCO,IAAAA,EAAE,CAAC,yCAAD,EAA4C,UAACN,IAAD,EAAU;AACpD,UAAIK,gBAAJ,CAASE,qBAAT,EAAoBC,IAApB,GAA2BC,IAA3B,CAAgC,UAACC,CAAD,EAAO;AACnCoB,iCAAanB,IAAb,GAAoBD,CAAC,CAACE,GAAtB;AACA,YAAImB,mBAAJ,CAAYD,wBAAZ,EAA0BtB,IAA1B,GAAiCC,IAAjC,CAAsC,UAACuB,CAAD,EAAO;AACzC,cAAI9B,iBAAJ,CAAU;AACNS,YAAAA,IAAI,EAAED,CAAC,CAACE,GADF;AAENyB,YAAAA,cAAc,EAAE,CAACL,CAAC,CAACpB,GAAH;AAFV,WAAV,EAGGJ,IAHH,GAGUC,IAHV,CAGe,UAACI,CAAD,EAAO;AAClBnB,6BAAKoB,OAAL,CAAaC,kBAAb,EACCC,GADD,wBACqBH,CAAC,CAACF,IADvB,GAECuB,IAFD,CAEM;AAAEC,cAAAA,UAAU,EAAEH,CAAC,CAACpB;AAAhB,aAFN,EAGCK,GAHD,CAGK,UAACb,GAAD,EAAMc,GAAN,EAAc;AACfA,cAAAA,GAAG,CAACvB,MAAJ,CAAWwB,IAAX,CAAgBC,MAAhB,CAAuB,GAAvB;AACAF,cAAAA,GAAG,CAACG,IAAJ,CAAS1B,MAAT,CAAgB2B,EAAhB,CAAmBC,CAAnB,CAAqB,QAArB;AACAL,cAAAA,GAAG,CAACG,IAAJ,CAAS1B,MAAT,CAAgBwB,IAAhB,CAAqBK,QAArB,CAA8B,QAA9B,EAAwCC,GAAxC,CAA4C,KAA5C;AACAP,cAAAA,GAAG,CAACG,IAAJ,CAAS1B,MAAT,CAAgBwB,IAAhB,CAAqBK,QAArB,CAA8B,SAA9B,EAAyCC,GAAzC,CAA6C,IAA7C;AACAP,cAAAA,GAAG,CAACG,IAAJ,CAAS1B,MAAT,CAAgBwB,IAAhB,CAAqBK,QAArB,CAA8B,MAA9B,EAAsCF,EAAtC,CAAyCC,CAAzC,CAA2C,OAA3C;AACAL,cAAAA,GAAG,CAACG,IAAJ,CAASK,IAAT,CAAc/B,MAAd,CAAqBwB,IAArB,CAA0BQ,MAA1B,CAAiC,CAAjC;AACAT,cAAAA,GAAG,CAACG,IAAJ,CAASK,IAAT,CAAc,CAAd,EAAiB/B,MAAjB,CAAwBwB,IAAxB,CAA6BK,QAA7B,CAAsC,KAAtC,EAA6CC,GAA7C,CAAiDO,CAAC,CAACpB,GAAF,CAAMwB,QAAN,EAAjD;AACApC,cAAAA,IAAI;AACP,aAZD;AAaH,WAjBD;AAkBH,SAnBD;AAoBH,OAtBD;AAuBH,KAxBC,CAAF,CADmC,CA0BnC;;AACAM,IAAAA,EAAE,CAAC,mDAAD,EAAsD,UAACN,IAAD,EAAU;AAC9DN,uBAAKoB,OAAL,CAAaC,kBAAb,EACKC,GADL,2BAEKC,GAFL,CAES,UAACb,GAAD,EAAMc,GAAN,EAAc;AACnBA,QAAAA,GAAG,CAACvB,MAAJ,CAAWwB,IAAX,CAAgBC,MAAhB,CAAuB,GAAvB;AACAF,QAAAA,GAAG,CAACG,IAAJ,CAAS1B,MAAT,CAAgB2B,EAAhB,CAAmBC,CAAnB,CAAqB,QAArB;AACAL,QAAAA,GAAG,CAACG,IAAJ,CAAS1B,MAAT,CAAgBwB,IAAhB,CAAqBK,QAArB,CAA8B,QAA9B,EAAwCC,GAAxC,CAA4C,IAA5C;AACAP,QAAAA,GAAG,CAACG,IAAJ,CAAS1B,MAAT,CAAgBwB,IAAhB,CAAqBK,QAArB,CAA8B,UAA9B;AACA,0BAAON,GAAG,CAACG,IAAJ,CAASO,QAAhB,EAA0BH,GAA1B,CAA8B,gGAA9B;AACA,0BAAOP,GAAG,CAACG,IAAJ,CAASQ,OAAhB,EAAyBJ,GAAzB,CAA6B,6CAA7B;AACAzB,QAAAA,IAAI;AACP,OAVD;AAWH,KAZC,CAAF;AAaH,GAxCO,CAAR,CA1FyB,CAoIzB;;AACAD,EAAAA,QAAQ,CAAC,sBAAD,EAAyB,YAAM;AACnCO,IAAAA,EAAE,CAAC,4CAAD,EAA+C,UAACN,IAAD,EAAU;AACvD,UAAIK,gBAAJ,CAASE,qBAAT,EAAoBC,IAApB,GAA2BC,IAA3B,CAAgC,UAACC,CAAD,EAAO;AACnCoB,iCAAanB,IAAb,GAAoBD,CAAC,CAACE,GAAtB;AACA,YAAImB,mBAAJ,CAAYD,wBAAZ,EAA0BtB,IAA1B,GAAiCC,IAAjC,CAAsC,UAACuB,CAAD,EAAO;AACzC,cAAI9B,iBAAJ,CAAU;AACNS,YAAAA,IAAI,EAAED,CAAC,CAACE;AADF,WAAV,EAEGJ,IAFH,GAEUC,IAFV,CAEe,UAACI,CAAD,EAAO;AAClBnB,6BAAKoB,OAAL,CAAaC,kBAAb,EACCuB,GADD,wBACqBzB,CAAC,CAACF,IADvB,GAECuB,IAFD,CAEM;AAAEC,cAAAA,UAAU,EAAEH,CAAC,CAACpB;AAAhB,aAFN,EAGCK,GAHD,CAGK,UAACb,GAAD,EAAMc,GAAN,EAAc;AACfA,cAAAA,GAAG,CAACvB,MAAJ,CAAWwB,IAAX,CAAgBC,MAAhB,CAAuB,GAAvB;AACAF,cAAAA,GAAG,CAACG,IAAJ,CAAS1B,MAAT,CAAgB2B,EAAhB,CAAmBC,CAAnB,CAAqB,QAArB;AACAL,cAAAA,GAAG,CAACG,IAAJ,CAAS1B,MAAT,CAAgBwB,IAAhB,CAAqBK,QAArB,CAA8B,QAA9B,EAAwCC,GAAxC,CAA4C,KAA5C;AACAP,cAAAA,GAAG,CAACG,IAAJ,CAAS1B,MAAT,CAAgBwB,IAAhB,CAAqBK,QAArB,CAA8B,SAA9B,EAAyCC,GAAzC,CAA6C,IAA7C;AACAP,cAAAA,GAAG,CAACG,IAAJ,CAAS1B,MAAT,CAAgBwB,IAAhB,CAAqBK,QAArB,CAA8B,MAA9B,EAAsCF,EAAtC,CAAyCC,CAAzC,CAA2C,OAA3C;AACAL,cAAAA,GAAG,CAACG,IAAJ,CAASK,IAAT,CAAc/B,MAAd,CAAqBwB,IAArB,CAA0BQ,MAA1B,CAAiC,CAAjC;AACAT,cAAAA,GAAG,CAACG,IAAJ,CAASK,IAAT,CAAc,CAAd,EAAiB/B,MAAjB,CAAwBwB,IAAxB,CAA6BK,QAA7B,CAAsC,KAAtC,EAA6CC,GAA7C,CAAiDO,CAAC,CAACpB,GAAF,CAAMwB,QAAN,EAAjD;AACApC,cAAAA,IAAI;AACP,aAZD;AAaH,WAhBD;AAiBH,SAlBD;AAmBH,OArBD;AAsBH,KAvBC,CAAF,CADmC,CAyBnC;;AACAM,IAAAA,EAAE,CAAC,mDAAD,EAAsD,UAACN,IAAD,EAAU;AAC9DN,uBAAKoB,OAAL,CAAaC,kBAAb,EACKuB,GADL,2BAEKrB,GAFL,CAES,UAACb,GAAD,EAAMc,GAAN,EAAc;AACnBA,QAAAA,GAAG,CAACvB,MAAJ,CAAWwB,IAAX,CAAgBC,MAAhB,CAAuB,GAAvB;AACAF,QAAAA,GAAG,CAACG,IAAJ,CAAS1B,MAAT,CAAgB2B,EAAhB,CAAmBC,CAAnB,CAAqB,QAArB;AACAL,QAAAA,GAAG,CAACG,IAAJ,CAAS1B,MAAT,CAAgBwB,IAAhB,CAAqBK,QAArB,CAA8B,QAA9B,EAAwCC,GAAxC,CAA4C,IAA5C;AACAP,QAAAA,GAAG,CAACG,IAAJ,CAAS1B,MAAT,CAAgBwB,IAAhB,CAAqBK,QAArB,CAA8B,UAA9B;AACA,0BAAON,GAAG,CAACG,IAAJ,CAASO,QAAhB,EAA0BH,GAA1B,CAA8B,gGAA9B;AACA,0BAAOP,GAAG,CAACG,IAAJ,CAASQ,OAAhB,EAAyBJ,GAAzB,CAA6B,6CAA7B;AACAzB,QAAAA,IAAI;AACP,OAVD;AAWH,KAZC,CAAF;AAaH,GAvCO,CAAR,CArIyB,CA8KzB;;AACAD,EAAAA,QAAQ,CAAC,qBAAD,EAAwB,YAAM;AAClCO,IAAAA,EAAE,CAAC,2CAAD,EAA8C,UAACN,IAAD,EAAU;AACtD,UAAIK,gBAAJ,CAASE,qBAAT,EAAoBC,IAApB,GAA2BC,IAA3B,CAAgC,UAACC,CAAD,EAAO;AACnCoB,iCAAanB,IAAb,GAAoBD,CAAC,CAACE,GAAtB;AACA,YAAImB,mBAAJ,CAAYD,wBAAZ,EAA0BtB,IAA1B,GAAiCC,IAAjC,CAAsC,UAACuB,CAAD,EAAO;AACzC,cAAI9B,iBAAJ,CAAU;AACNS,YAAAA,IAAI,EAAED,CAAC,CAACE;AADF,WAAV,EAEGJ,IAFH,GAEUC,IAFV,CAEe,UAACI,CAAD,EAAO;AAClBnB,6BAAKoB,OAAL,CAAaC,kBAAb,EACCuB,GADD,mBACgBzB,CAAC,CAACF,IADlB,GAECuB,IAFD,CAEM;AAAEC,cAAAA,UAAU,EAAEH,CAAC,CAACpB;AAAhB,aAFN,EAGCK,GAHD,CAGK,UAACb,GAAD,EAAMc,GAAN,EAAc;AACfA,cAAAA,GAAG,CAACvB,MAAJ,CAAWwB,IAAX,CAAgBC,MAAhB,CAAuB,GAAvB;AACAF,cAAAA,GAAG,CAACG,IAAJ,CAAS1B,MAAT,CAAgB2B,EAAhB,CAAmBC,CAAnB,CAAqB,QAArB;AACAL,cAAAA,GAAG,CAACG,IAAJ,CAAS1B,MAAT,CAAgBwB,IAAhB,CAAqBK,QAArB,CAA8B,QAA9B,EAAwCC,GAAxC,CAA4C,KAA5C;AACAP,cAAAA,GAAG,CAACG,IAAJ,CAAS1B,MAAT,CAAgBwB,IAAhB,CAAqBK,QAArB,CAA8B,SAA9B,EAAyCC,GAAzC,CAA6C,IAA7C;AACAP,cAAAA,GAAG,CAACG,IAAJ,CAAS1B,MAAT,CAAgBwB,IAAhB,CAAqBK,QAArB,CAA8B,MAA9B,EAAsCF,EAAtC,CAAyCC,CAAzC,CAA2C,OAA3C;AACAL,cAAAA,GAAG,CAACG,IAAJ,CAASK,IAAT,CAAc/B,MAAd,CAAqBwB,IAArB,CAA0BQ,MAA1B,CAAiC,CAAjC;AACAT,cAAAA,GAAG,CAACG,IAAJ,CAASK,IAAT,CAAc,CAAd,EAAiB/B,MAAjB,CAAwBwB,IAAxB,CAA6BK,QAA7B,CAAsC,KAAtC,EAA6CC,GAA7C,CAAiDO,CAAC,CAACpB,GAAF,CAAMwB,QAAN,EAAjD;AACApC,cAAAA,IAAI;AACP,aAZD;AAaH,WAhBD;AAiBH,SAlBD;AAmBH,OArBD;AAsBH,KAvBC,CAAF,CADkC,CAyBlC;;AACAM,IAAAA,EAAE,CAAC,mDAAD,EAAsD,UAACN,IAAD,EAAU;AAC9DN,uBAAKoB,OAAL,CAAaC,kBAAb,EACKuB,GADL,sBAEKrB,GAFL,CAES,UAACb,GAAD,EAAMc,GAAN,EAAc;AACnBA,QAAAA,GAAG,CAACvB,MAAJ,CAAWwB,IAAX,CAAgBC,MAAhB,CAAuB,GAAvB;AACAF,QAAAA,GAAG,CAACG,IAAJ,CAAS1B,MAAT,CAAgB2B,EAAhB,CAAmBC,CAAnB,CAAqB,QAArB;AACAL,QAAAA,GAAG,CAACG,IAAJ,CAAS1B,MAAT,CAAgBwB,IAAhB,CAAqBK,QAArB,CAA8B,QAA9B,EAAwCC,GAAxC,CAA4C,IAA5C;AACAP,QAAAA,GAAG,CAACG,IAAJ,CAAS1B,MAAT,CAAgBwB,IAAhB,CAAqBK,QAArB,CAA8B,UAA9B;AACA,0BAAON,GAAG,CAACG,IAAJ,CAASO,QAAhB,EAA0BH,GAA1B,CAA8B,gGAA9B;AACA,0BAAOP,GAAG,CAACG,IAAJ,CAASQ,OAAhB,EAAyBJ,GAAzB,CAA6B,6CAA7B;AACAzB,QAAAA,IAAI;AACP,OAVD;AAWH,KAZC,CAAF;AAaH,GAvCO,CAAR,CA/KyB,CAwNzB;;AACAD,EAAAA,QAAQ,CAAC,wBAAD,EAA2B,YAAM;AACrCO,IAAAA,EAAE,CAAC,2CAAD,EAA8C,UAACN,IAAD,EAAU;AACtD,UAAIK,gBAAJ,CAASE,qBAAT,EAAoBC,IAApB,GAA2BC,IAA3B,CAAgC,UAACC,CAAD,EAAO;AACnCoB,iCAAanB,IAAb,GAAoBD,CAAC,CAACE,GAAtB;AACA,YAAImB,mBAAJ,CAAYD,wBAAZ,EAA0BtB,IAA1B,GAAiCC,IAAjC,CAAsC,UAACuB,CAAD,EAAO;AACzC,cAAI9B,iBAAJ,CAAU;AACNS,YAAAA,IAAI,EAAED,CAAC,CAACE,GADF;AAENqB,YAAAA,aAAa,EAAE,CAACD,CAAC,CAACpB,GAAH;AAFT,WAAV,EAGGJ,IAHH,GAGUC,IAHV,CAGe,UAACI,CAAD,EAAO;AAClBnB,6BAAKoB,OAAL,CAAaC,kBAAb,8BACmBL,CAAC,CAACE,GADrB,GAECsB,IAFD,CAEM;AAAEC,cAAAA,UAAU,EAAEH,CAAC,CAACpB;AAAhB,aAFN,EAGCK,GAHD,CAGK,UAACb,GAAD,EAAMc,GAAN,EAAc;AACfA,cAAAA,GAAG,CAACvB,MAAJ,CAAWwB,IAAX,CAAgBC,MAAhB,CAAuB,GAAvB;AACAF,cAAAA,GAAG,CAACG,IAAJ,CAAS1B,MAAT,CAAgB2B,EAAhB,CAAmBC,CAAnB,CAAqB,QAArB;AACAL,cAAAA,GAAG,CAACG,IAAJ,CAAS1B,MAAT,CAAgBwB,IAAhB,CAAqBK,QAArB,CAA8B,QAA9B,EAAwCC,GAAxC,CAA4C,KAA5C;AACAP,cAAAA,GAAG,CAACG,IAAJ,CAAS1B,MAAT,CAAgBwB,IAAhB,CAAqBK,QAArB,CAA8B,SAA9B,EAAyCC,GAAzC,CAA6C,IAA7C;AACAP,cAAAA,GAAG,CAACG,IAAJ,CAAS1B,MAAT,CAAgBwB,IAAhB,CAAqBK,QAArB,CAA8B,MAA9B,EAAsCF,EAAtC,CAAyCC,CAAzC,CAA2C,OAA3C;AACAL,cAAAA,GAAG,CAACG,IAAJ,CAASK,IAAT,CAAc/B,MAAd,CAAqBwB,IAArB,CAA0BQ,MAA1B,CAAiC,CAAjC;AACA3B,cAAAA,IAAI;AACP,aAXD;AAYH,WAhBD;AAiBH,SAlBD;AAmBH,OArBD;AAsBH,KAvBC,CAAF,CADqC,CAyBrC;;AACAM,IAAAA,EAAE,CAAC,mDAAD,EAAsD,UAACN,IAAD,EAAU;AAC9DN,uBAAKoB,OAAL,CAAaC,kBAAb,iCAEKE,GAFL,CAES,UAACb,GAAD,EAAMc,GAAN,EAAc;AACnBA,QAAAA,GAAG,CAACvB,MAAJ,CAAWwB,IAAX,CAAgBC,MAAhB,CAAuB,GAAvB;AACAF,QAAAA,GAAG,CAACG,IAAJ,CAAS1B,MAAT,CAAgB2B,EAAhB,CAAmBC,CAAnB,CAAqB,QAArB;AACAL,QAAAA,GAAG,CAACG,IAAJ,CAAS1B,MAAT,CAAgBwB,IAAhB,CAAqBK,QAArB,CAA8B,QAA9B,EAAwCC,GAAxC,CAA4C,IAA5C;AACAP,QAAAA,GAAG,CAACG,IAAJ,CAAS1B,MAAT,CAAgBwB,IAAhB,CAAqBK,QAArB,CAA8B,UAA9B;AACA,0BAAON,GAAG,CAACG,IAAJ,CAASO,QAAhB,EAA0BH,GAA1B,CAA8B,gGAA9B;AACA,0BAAOP,GAAG,CAACG,IAAJ,CAASQ,OAAhB,EAAyBJ,GAAzB,CAA6B,6CAA7B;AACAzB,QAAAA,IAAI;AACP,OAVD;AAWH,KAZC,CAAF;AAaH,GAvCO,CAAR,CAzNyB,CAkQzB;;AACAD,EAAAA,QAAQ,CAAC,yBAAD,EAA4B,YAAM;AACtCO,IAAAA,EAAE,CAAC,4CAAD,EAA+C,UAACN,IAAD,EAAU;AACvD,UAAIK,gBAAJ,CAASE,qBAAT,EAAoBC,IAApB,GAA2BC,IAA3B,CAAgC,UAACC,CAAD,EAAO;AACnCoB,iCAAanB,IAAb,GAAoBD,CAAC,CAACE,GAAtB;AACA,YAAImB,mBAAJ,CAAYD,wBAAZ,EAA0BtB,IAA1B,GAAiCC,IAAjC,CAAsC,UAACuB,CAAD,EAAO;AACzC,cAAI9B,iBAAJ,CAAU;AACNS,YAAAA,IAAI,EAAED,CAAC,CAACE,GADF;AAENyB,YAAAA,cAAc,EAAE,CAACL,CAAC,CAACpB,GAAH;AAFV,WAAV,EAGGJ,IAHH,GAGUC,IAHV,CAGe,UAACI,CAAD,EAAO;AAClBnB,6BAAKoB,OAAL,CAAaC,kBAAb,mCACwBF,CAAC,CAACF,IAD1B,GAECuB,IAFD,CAEM;AAAEC,cAAAA,UAAU,EAAEH,CAAC,CAACpB;AAAhB,aAFN,EAGCK,GAHD,CAGK,UAACb,GAAD,EAAMc,GAAN,EAAc;AACfA,cAAAA,GAAG,CAACvB,MAAJ,CAAWwB,IAAX,CAAgBC,MAAhB,CAAuB,GAAvB;AACAF,cAAAA,GAAG,CAACG,IAAJ,CAAS1B,MAAT,CAAgB2B,EAAhB,CAAmBC,CAAnB,CAAqB,QAArB;AACAL,cAAAA,GAAG,CAACG,IAAJ,CAAS1B,MAAT,CAAgBwB,IAAhB,CAAqBK,QAArB,CAA8B,QAA9B,EAAwCC,GAAxC,CAA4C,KAA5C;AACAP,cAAAA,GAAG,CAACG,IAAJ,CAAS1B,MAAT,CAAgBwB,IAAhB,CAAqBK,QAArB,CAA8B,SAA9B,EAAyCC,GAAzC,CAA6C,IAA7C;AACAP,cAAAA,GAAG,CAACG,IAAJ,CAAS1B,MAAT,CAAgBwB,IAAhB,CAAqBK,QAArB,CAA8B,MAA9B,EAAsCF,EAAtC,CAAyCC,CAAzC,CAA2C,OAA3C;AACAL,cAAAA,GAAG,CAACG,IAAJ,CAASK,IAAT,CAAc/B,MAAd,CAAqBwB,IAArB,CAA0BQ,MAA1B,CAAiC,CAAjC;AACA3B,cAAAA,IAAI;AACP,aAXD;AAYH,WAhBD;AAiBH,SAlBD;AAmBH,OArBD;AAsBH,KAvBC,CAAF,CADsC,CAyBtC;;AACAM,IAAAA,EAAE,CAAC,mDAAD,EAAsD,UAACN,IAAD,EAAU;AAC9DN,uBAAKoB,OAAL,CAAaC,kBAAb,sCAEKE,GAFL,CAES,UAACb,GAAD,EAAMc,GAAN,EAAc;AACnBA,QAAAA,GAAG,CAACvB,MAAJ,CAAWwB,IAAX,CAAgBC,MAAhB,CAAuB,GAAvB;AACAF,QAAAA,GAAG,CAACG,IAAJ,CAAS1B,MAAT,CAAgB2B,EAAhB,CAAmBC,CAAnB,CAAqB,QAArB;AACAL,QAAAA,GAAG,CAACG,IAAJ,CAAS1B,MAAT,CAAgBwB,IAAhB,CAAqBK,QAArB,CAA8B,QAA9B,EAAwCC,GAAxC,CAA4C,IAA5C;AACAP,QAAAA,GAAG,CAACG,IAAJ,CAAS1B,MAAT,CAAgBwB,IAAhB,CAAqBK,QAArB,CAA8B,UAA9B;AACA,0BAAON,GAAG,CAACG,IAAJ,CAASO,QAAhB,EAA0BH,GAA1B,CAA8B,gGAA9B;AACA,0BAAOP,GAAG,CAACG,IAAJ,CAASQ,OAAhB,EAAyBJ,GAAzB,CAA6B,6CAA7B;AACAzB,QAAAA,IAAI;AACP,OAVD;AAWH,KAZC,CAAF;AAaH,GAvCO,CAAR;AAwCH,CA3SO,CAAR","sourceRoot":"C:\\Users\\Ali\\code\\projects\\ecom-api\\src\\tests\\endpoints\\","sourcesContent":["import chai, { expect } from 'chai'\r\nimport chaiHttp from 'chai-http'\r\nimport server from '../../server'\r\nimport Order from '../../models/order'\r\nimport chaiDateString from 'chai-date-string'\r\nimport User from '../../models/user'\r\nimport Product from '../../models/product'\r\nimport { dummyUser, dummyProduct } from '../configData'\r\n\r\n// Enable Chai Config when testing\r\nchai.should()\r\nchai.use(chaiDateString)\r\nchai.use(chaiHttp)\r\n// TODO\r\n// ADD MORGAN LOGS\r\n\r\ndescribe('Orders', (done) => {\r\n    beforeEach((done) => {\r\n        Order.deleteMany({}, (err) => {\r\n            User.deleteMany({}, (err) => {\r\n                done()\r\n            })\r\n        })        \r\n    })\r\n\r\n    // GET All Current Orders\r\n    describe('/GET All Current Orders', () => {\r\n        it('it should get all current orders of user', (done) => {\r\n            new User(dummyUser).save().then((u) => {\r\n                new Order({\r\n                    user: u._id\r\n                })\r\n                .save().then((o) => {\r\n                    chai.request(server)\r\n                    .get(`/orders/${o.user}`)\r\n                    .end((err, res) => {\r\n                        res.should.have.status(200)\r\n                        res.body.should.be.a('object')\r\n                        res.body.should.have.property('errors').eql(false)\r\n                        res.body.should.have.property('data').be.a('array')\r\n                        res.body.data.should.have.length(0)\r\n                        done()\r\n                    })\r\n                })\r\n            })\r\n        })\r\n        // Test error in request endpoint\r\n        it('it should fail when request has incorrect user id', (done) => {\r\n            chai.request(server)\r\n                .get(`/order/gibberish`)\r\n                .end((err, res) => {\r\n                res.should.have.status(400)\r\n                res.body.should.be.a('object')\r\n                res.body.should.have.property('errors').eql(true)\r\n                res.body.should.have.property('logError')\r\n                expect(res.body.logError).eql('Error: Argument passed in must be a single String of 12 bytes or a string of 24 hex characters')\r\n                expect(res.body.message).eql('User id in request is incorrect - gibberish')\r\n                done()\r\n            })\r\n        })\r\n    })\r\n\r\n    // GET Current Order\r\n    describe('/GET Current Order', () => {\r\n        it('it should get current order of a user', (done) => {\r\n            new User(dummyUser).save().then((u) => {\r\n                dummyProduct.user = u._id\r\n                new Product(dummyProduct).save().then((p) => {\r\n                    new Order({\r\n                        user: u._id,\r\n                        currentOrders: [p._id]\r\n                    }).save().then((o) => {\r\n                        chai.request(server)\r\n                        .get(`/order/${o.user}`)\r\n                        .send({ product_id: p._id })\r\n                        .end((err, res) => {\r\n                            res.should.have.status(200)\r\n                            res.body.should.be.a('object')\r\n                            res.body.should.have.property('errors').eql(false)\r\n                            res.body.should.have.property('message').eql('OK')\r\n                            res.body.should.have.property('data').be.a('array')\r\n                            res.body.data.should.have.length(1)\r\n                            res.body.data[0].should.have.property('_id').eql(p._id.toString())\r\n                            done()\r\n                        })\r\n                    }) \r\n                })\r\n            })\r\n        })\r\n        // Test error in request endpoint\r\n        it('it should fail when request has incorrect user id', (done) => {\r\n            chai.request(server)\r\n                .get(`/orders/gibberish`)\r\n                .end((err, res) => {\r\n                res.should.have.status(400)\r\n                res.body.should.be.a('object')\r\n                res.body.should.have.property('errors').eql(true)\r\n                res.body.should.have.property('logError')\r\n                expect(res.body.logError).eql('Error: Argument passed in must be a single String of 12 bytes or a string of 24 hex characters')\r\n                expect(res.body.message).eql('User id in request is incorrect - gibberish')\r\n                done()\r\n            })\r\n        })\r\n    })\r\n\r\n    // GET Previous Orders\r\n    describe('/GET Previous Orders', () => {\r\n        it('it should get previous orders of a user', (done) => {\r\n            new User(dummyUser).save().then((u) => {\r\n                dummyProduct.user = u._id\r\n                new Product(dummyProduct).save().then((p) => {\r\n                    new Order({\r\n                        user: u._id,\r\n                        previousOrders: [p._id]\r\n                    }).save().then((o) => {\r\n                        chai.request(server)\r\n                        .get(`/past-orders/${o.user}`)\r\n                        .send({ product_id: p._id })\r\n                        .end((err, res) => {\r\n                            res.should.have.status(200)\r\n                            res.body.should.be.a('object')\r\n                            res.body.should.have.property('errors').eql(false)\r\n                            res.body.should.have.property('message').eql('OK')\r\n                            res.body.should.have.property('data').be.a('array')\r\n                            res.body.data.should.have.length(1)\r\n                            res.body.data[0].should.have.property('_id').eql(p._id.toString())\r\n                            done()\r\n                        })\r\n                    }) \r\n                })\r\n            })\r\n        })\r\n        // Test error in request endpoint\r\n        it('it should fail when request has incorrect user id', (done) => {\r\n            chai.request(server)\r\n                .get(`/past-orders/gibberish`)\r\n                .end((err, res) => {\r\n                res.should.have.status(400)\r\n                res.body.should.be.a('object')\r\n                res.body.should.have.property('errors').eql(true)\r\n                res.body.should.have.property('logError')\r\n                expect(res.body.logError).eql('Error: Argument passed in must be a single String of 12 bytes or a string of 24 hex characters')\r\n                expect(res.body.message).eql('User id in request is incorrect - gibberish')\r\n                done()\r\n            })\r\n        })\r\n    })\r\n\r\n    // PUT Update Previous Orders\r\n    describe('/PUT Previous Orders', () => {\r\n        it('it should update previous orders of a user', (done) => {\r\n            new User(dummyUser).save().then((u) => {\r\n                dummyProduct.user = u._id\r\n                new Product(dummyProduct).save().then((p) => {\r\n                    new Order({\r\n                        user: u._id,\r\n                    }).save().then((o) => {\r\n                        chai.request(server)\r\n                        .put(`/past-orders/${o.user}`)\r\n                        .send({ product_id: p._id })\r\n                        .end((err, res) => {\r\n                            res.should.have.status(200)\r\n                            res.body.should.be.a('object')\r\n                            res.body.should.have.property('errors').eql(false)\r\n                            res.body.should.have.property('message').eql('OK')\r\n                            res.body.should.have.property('data').be.a('array')\r\n                            res.body.data.should.have.length(1)\r\n                            res.body.data[0].should.have.property('_id').eql(p._id.toString())\r\n                            done()\r\n                        })\r\n                    }) \r\n                })\r\n            })\r\n        })\r\n        // Test error in request endpoint\r\n        it('it should fail when request has incorrect user id', (done) => {\r\n            chai.request(server)\r\n                .put(`/past-orders/gibberish`)\r\n                .end((err, res) => {\r\n                res.should.have.status(400)\r\n                res.body.should.be.a('object')\r\n                res.body.should.have.property('errors').eql(true)\r\n                res.body.should.have.property('logError')\r\n                expect(res.body.logError).eql('Error: Argument passed in must be a single String of 12 bytes or a string of 24 hex characters')\r\n                expect(res.body.message).eql('User id in request is incorrect - gibberish')\r\n                done()\r\n            })\r\n        })\r\n    })\r\n\r\n    // PUT Update Current Orders\r\n    describe('/PUT Current Orders', () => {\r\n        it('it should update current orders of a user', (done) => {\r\n            new User(dummyUser).save().then((u) => {\r\n                dummyProduct.user = u._id\r\n                new Product(dummyProduct).save().then((p) => {\r\n                    new Order({\r\n                        user: u._id,\r\n                    }).save().then((o) => {\r\n                        chai.request(server)\r\n                        .put(`/orders/${o.user}`)\r\n                        .send({ product_id: p._id })\r\n                        .end((err, res) => {\r\n                            res.should.have.status(200)\r\n                            res.body.should.be.a('object')\r\n                            res.body.should.have.property('errors').eql(false)\r\n                            res.body.should.have.property('message').eql('OK')\r\n                            res.body.should.have.property('data').be.a('array')\r\n                            res.body.data.should.have.length(1)\r\n                            res.body.data[0].should.have.property('_id').eql(p._id.toString())\r\n                            done()\r\n                        })\r\n                    }) \r\n                })\r\n            })\r\n        })\r\n        // Test error in request endpoint\r\n        it('it should fail when request has incorrect user id', (done) => {\r\n            chai.request(server)\r\n                .put(`/orders/gibberish`)\r\n                .end((err, res) => {\r\n                res.should.have.status(400)\r\n                res.body.should.be.a('object')\r\n                res.body.should.have.property('errors').eql(true)\r\n                res.body.should.have.property('logError')\r\n                expect(res.body.logError).eql('Error: Argument passed in must be a single String of 12 bytes or a string of 24 hex characters')\r\n                expect(res.body.message).eql('User id in request is incorrect - gibberish')\r\n                done()\r\n            })\r\n        })\r\n    })\r\n\r\n    // DELETE Delete Current Orders\r\n    describe('/Delete Current Orders', () => {\r\n        it('it should Delete current orders of a user', (done) => {\r\n            new User(dummyUser).save().then((u) => {\r\n                dummyProduct.user = u._id\r\n                new Product(dummyProduct).save().then((p) => {\r\n                    new Order({\r\n                        user: u._id,\r\n                        currentOrders: [p._id]\r\n                    }).save().then((o) => {\r\n                        chai.request(server)\r\n                        .delete(`/orders/${u._id}`)\r\n                        .send({ product_id: p._id })\r\n                        .end((err, res) => {\r\n                            res.should.have.status(200)\r\n                            res.body.should.be.a('object')\r\n                            res.body.should.have.property('errors').eql(false)\r\n                            res.body.should.have.property('message').eql('OK')\r\n                            res.body.should.have.property('data').be.a('array')\r\n                            res.body.data.should.have.length(0)\r\n                            done()\r\n                        })\r\n                    })\r\n                })\r\n            })\r\n        })\r\n        // Test error in request endpoint\r\n        it('it should fail when request has incorrect user id', (done) => {\r\n            chai.request(server)\r\n                .delete(`/orders/gibberish`)\r\n                .end((err, res) => {\r\n                res.should.have.status(400)\r\n                res.body.should.be.a('object')\r\n                res.body.should.have.property('errors').eql(true)\r\n                res.body.should.have.property('logError')\r\n                expect(res.body.logError).eql('Error: Argument passed in must be a single String of 12 bytes or a string of 24 hex characters')\r\n                expect(res.body.message).eql('User id in request is incorrect - gibberish')\r\n                done()\r\n            })\r\n        })\r\n    })\r\n\r\n    // DELETE Delete Previous Orders\r\n    describe('/Delete Previous Orders', () => {\r\n        it('it should Delete previous orders of a user', (done) => {\r\n            new User(dummyUser).save().then((u) => {\r\n                dummyProduct.user = u._id\r\n                new Product(dummyProduct).save().then((p) => {\r\n                    new Order({\r\n                        user: u._id,\r\n                        previousOrders: [p._id]\r\n                    }).save().then((o) => {\r\n                        chai.request(server)\r\n                        .delete(`/past-orders/${o.user}`)\r\n                        .send({ product_id: p._id })\r\n                        .end((err, res) => {\r\n                            res.should.have.status(200)\r\n                            res.body.should.be.a('object')\r\n                            res.body.should.have.property('errors').eql(false)\r\n                            res.body.should.have.property('message').eql('OK')\r\n                            res.body.should.have.property('data').be.a('array')\r\n                            res.body.data.should.have.length(0)\r\n                            done()\r\n                        })\r\n                    })\r\n                })\r\n            })\r\n        })\r\n        // Test error in request endpoint\r\n        it('it should fail when request has incorrect user id', (done) => {\r\n            chai.request(server)\r\n                .delete(`/past-orders/gibberish`)\r\n                .end((err, res) => {\r\n                res.should.have.status(400)\r\n                res.body.should.be.a('object')\r\n                res.body.should.have.property('errors').eql(true)\r\n                res.body.should.have.property('logError')\r\n                expect(res.body.logError).eql('Error: Argument passed in must be a single String of 12 bytes or a string of 24 hex characters')\r\n                expect(res.body.message).eql('User id in request is incorrect - gibberish')\r\n                done()\r\n            })\r\n        })\r\n    })\r\n})"]},"_coverageSchema":"1a1c01bbd47fc00a2c39e90264f33305004495a9","hash":"8d5b2ca3384c08df1c4398fa298c64d1871dd7f1","contentHash":"be1995e2b5d9b8ea6ac3f25d90bd8e410356abbaabf4115501599d1eb4c35064"},"C:\\Users\\Ali\\code\\projects\\ecom-api\\src\\server.js":{"path":"C:\\Users\\Ali\\code\\projects\\ecom-api\\src\\server.js","statementMap":{"0":{"start":{"line":3,"column":29},"end":{"line":3,"column":84}},"1":{"start":{"line":5,"column":0},"end":{"line":7,"column":3}},"2":{"start":{"line":8,"column":0},"end":{"line":8,"column":28}},"3":{"start":{"line":10,"column":15},"end":{"line":10,"column":57}},"4":{"start":{"line":12,"column":14},"end":{"line":12,"column":55}},"5":{"start":{"line":14,"column":16},"end":{"line":14,"column":59}},"6":{"start":{"line":16,"column":25},"end":{"line":16,"column":91}},"7":{"start":{"line":18,"column":22},"end":{"line":18,"column":85}},"8":{"start":{"line":20,"column":23},"end":{"line":20,"column":87}},"9":{"start":{"line":25,"column":0},"end":{"line":25,"column":28}},"10":{"start":{"line":29,"column":10},"end":{"line":29,"column":36}},"11":{"start":{"line":31,"column":0},"end":{"line":31,"column":36}},"12":{"start":{"line":33,"column":0},"end":{"line":42,"column":3}},"13":{"start":{"line":39,"column":2},"end":{"line":39,"column":40}},"14":{"start":{"line":41,"column":2},"end":{"line":41,"column":67}},"15":{"start":{"line":45,"column":0},"end":{"line":52,"column":3}},"16":{"start":{"line":46,"column":2},"end":{"line":51,"column":5}},"17":{"start":{"line":54,"column":0},"end":{"line":54,"column":123}},"18":{"start":{"line":55,"column":0},"end":{"line":55,"column":185}},"19":{"start":{"line":57,"column":0},"end":{"line":57,"column":108}},"20":{"start":{"line":58,"column":0},"end":{"line":58,"column":161}},"21":{"start":{"line":60,"column":0},"end":{"line":60,"column":192}},"22":{"start":{"line":61,"column":0},"end":{"line":61,"column":71}},"23":{"start":{"line":62,"column":0},"end":{"line":62,"column":200}},"24":{"start":{"line":64,"column":0},"end":{"line":66,"column":3}},"25":{"start":{"line":65,"column":2},"end":{"line":65,"column":63}},"26":{"start":{"line":67,"column":15},"end":{"line":67,"column":18}},"27":{"start":{"line":68,"column":0},"end":{"line":68,"column":30}}},"fnMap":{"0":{"name":"(anonymous_0)","decl":{"start":{"line":38,"column":8},"end":{"line":38,"column":9}},"loc":{"start":{"line":38,"column":20},"end":{"line":40,"column":1}},"line":38},"1":{"name":"(anonymous_1)","decl":{"start":{"line":40,"column":12},"end":{"line":40,"column":13}},"loc":{"start":{"line":40,"column":29},"end":{"line":42,"column":1}},"line":40},"2":{"name":"(anonymous_2)","decl":{"start":{"line":45,"column":14},"end":{"line":45,"column":15}},"loc":{"start":{"line":45,"column":34},"end":{"line":52,"column":1}},"line":45},"3":{"name":"(anonymous_3)","decl":{"start":{"line":64,"column":29},"end":{"line":64,"column":30}},"loc":{"start":{"line":64,"column":41},"end":{"line":66,"column":1}},"line":64}},"branchMap":{},"s":{"0":1,"1":1,"2":1,"3":1,"4":1,"5":1,"6":1,"7":1,"8":1,"9":1,"10":1,"11":1,"12":1,"13":1,"14":0,"15":1,"16":1,"17":1,"18":1,"19":1,"20":1,"21":1,"22":1,"23":1,"24":1,"25":1,"26":1,"27":1},"f":{"0":1,"1":0,"2":1,"3":1},"b":{},"inputSourceMap":{"version":3,"sources":["server.js"],"names":["dotEnv","config","app","use","express","json","mongoose","connect","process","env","NODE_ENV","useNewUrlParser","useUnifiedTopology","useFindAndModify","useCreateIndex","then","console","log","error","get","req","res","status","send","message","errors","products","users","route","productController","getAllProducts","post","createProduct","getProduct","put","updateProduct","deleteProduct","userController","getAllUsers","createUser","getUser","updateUser","deleteUser","orderController","getCurrentOrders","updateCurrentOrders","deleteCurrentOrders","getOrder","getPreviousOrders","updatePreviousOrders","deletePreviousOrders","listen","PORT"],"mappings":";;;;;;;;;AAAA;;AACA;;AACA;;AAQA;;AACA;;AACA;;AATA;AACA;AAEA;AACAA,mBAAOC,MAAP,G,CAEA;;;AAKA;AACA,IAAMC,GAAG,GAAG,0BAAZ,C,CAEA;;AACAA,GAAG,CAACC,GAAJ,CAAQC,oBAAQC,IAAR,EAAR,E,CAEA;;AACAC,qBAASC,OAAT,0CAAmDC,OAAO,CAACC,GAAR,CAAYC,QAA/D,GAA2E;AACvEC,EAAAA,eAAe,EAAE,IADsD;AAEvEC,EAAAA,kBAAkB,EAAE,IAFmD;AAGvEC,EAAAA,gBAAgB,EAAE,KAHqD;AAIvEC,EAAAA,cAAc,EAAE;AAJuD,CAA3E,EAMKC,IANL,CAMU;AAAA,SAAMC,OAAO,CAACC,GAAR,CAAY,iBAAZ,CAAN;AAAA,CANV,WAOW,UAACC,KAAD;AAAA,SAAWF,OAAO,CAACC,GAAR,uCAA2CC,KAA3C,EAAX;AAAA,CAPX,E,CASA;;;AACAhB,GAAG,CAACiB,GAAJ,CAAQ,IAAR,EAAc,UAACC,GAAD,EAAMC,GAAN;AAAA,SAAcA,GAAG,CAACC,MAAJ,CAAW,GAAX,EAAgBC,IAAhB,CAAqB;AAC7CC,IAAAA,OAAO,EAAE,aADoC;AAE7CC,IAAAA,MAAM,EAAE,KAFqC;AAG7CC,IAAAA,QAAQ,EAAE,CACN,yCADM,EAEN,4CAFM,EAGN,0DAHM,EAIN,6DAJM,EAKN,gEALM,CAHmC;AAU7CC,IAAAA,KAAK,EAAE,CACH,mCADG,EAEH,sCAFG,EAGH,oDAHG,EAIH,uDAJG,EAKH,0DALG;AAVsC,GAArB,CAAd;AAAA,CAAd,E,CAmBA;;AACAzB,GAAG,CAAC0B,KAAJ,CAAU,WAAV,EACKT,GADL,CACSU,8BAAkBC,cAD3B,EAEKC,IAFL,CAEUF,8BAAkBG,aAF5B;AAIA9B,GAAG,CAAC0B,KAAJ,CAAU,uBAAV,EACKT,GADL,CACSU,8BAAkBI,UAD3B,EAEKC,GAFL,CAESL,8BAAkBM,aAF3B,YAGYN,8BAAkBO,aAH9B,E,CAKA;;AACAlC,GAAG,CAAC0B,KAAJ,CAAU,QAAV,EACKT,GADL,CACSkB,2BAAeC,WADxB,EAEKP,IAFL,CAEUM,2BAAeE,UAFzB;AAIArC,GAAG,CAAC0B,KAAJ,CAAU,iBAAV,EACKT,GADL,CACSkB,2BAAeG,OADxB,EAEKN,GAFL,CAESG,2BAAeI,UAFxB,YAGYJ,2BAAeK,UAH3B,E,CAKA;;AACAxC,GAAG,CAAC0B,KAAJ,CAAU,kBAAV,EACKT,GADL,CACSwB,4BAAgBC,gBADzB,EAEKV,GAFL,CAESS,4BAAgBE,mBAFzB,YAGYF,4BAAgBG,mBAH5B;AAKA5C,GAAG,CAAC0B,KAAJ,CAAU,iBAAV,EACKT,GADL,CACSwB,4BAAgBI,QADzB;AAGA7C,GAAG,CAAC0B,KAAJ,CAAU,uBAAV,EACKT,GADL,CACSwB,4BAAgBK,iBADzB,EAEKd,GAFL,CAESS,4BAAgBM,oBAFzB,YAGYN,4BAAgBO,oBAH5B,E,CAKA;;AACAhD,GAAG,CAACiD,MAAJ,CAAW3C,OAAO,CAACC,GAAR,CAAY2C,IAAvB,EAA6B;AAAA,SAAMpC,OAAO,CAACC,GAAR,wBACfT,OAAO,CAACC,GAAR,CAAY2C,IADG,EAAN;AAAA,CAA7B;eAIelD,G","sourceRoot":"C:\\Users\\Ali\\code\\projects\\ecom-api\\src\\","sourcesContent":["import express from 'express'\r\nimport dotEnv from 'dotenv'\r\nimport mongoose from 'mongoose'\r\n// import pathfinderUI from 'pathfinder-ui'\r\n// Middleware\r\n\r\n// Config Setup\r\ndotEnv.config()\r\n\r\n// Controllers\r\nimport productController from './controllers/productController'\r\nimport userController from './controllers/userController'\r\nimport orderController from './controllers/orderController'\r\n\r\n// App initialization\r\nconst app = express()\r\n\r\n// Middleware Setup\r\napp.use(express.json())\r\n\r\n// DB Setup\r\nmongoose.connect(`mongodb://localhost/e_commerce_${process.env.NODE_ENV}`, {\r\n    useNewUrlParser: true,\r\n    useUnifiedTopology: true,\r\n    useFindAndModify: false,\r\n    useCreateIndex: true  \r\n})\r\n    .then(() => console.log('Connected to DB'))\r\n    .catch((error) => console.log(`ERROR Connecting with DB: \\n${error}`))\r\n\r\n// Route setup -- Root path\r\napp.get('/_', (req, res) => res.status(200).send({\r\n    message: 'Route_Paths',\r\n    errors: false,\r\n    products: [\r\n        'root_path/products: Get -- all products',\r\n        'root_path/products: Post -- create Product',\r\n        'root_path/products/${id}: Get -- Get Product based on Id',\r\n        'root_path/products/${id}: Put -- Update Product based on Id',\r\n        'root_path/products/${id}: Delete -- Delete Product based on Id',\r\n    ],\r\n    users: [\r\n        'root_path/users: Get -- all Users',\r\n        'root_path/users: Post -- create User',\r\n        'root_path/users/${id}: Get -- Get User based on Id',\r\n        'root_path/users/${id}: Put -- Update User based on Id',\r\n        'root_path/users/${id}: Delete -- Delete User based on Id',\r\n    ]\r\n}))\r\n\r\n// Product Controller Routes\r\napp.route('/products')\r\n    .get(productController.getAllProducts)\r\n    .post(productController.createProduct)\r\n\r\napp.route('/products/:product_id')\r\n    .get(productController.getProduct)\r\n    .put(productController.updateProduct)\r\n    .delete(productController.deleteProduct)\r\n\r\n// User Controller\r\napp.route('/users')\r\n    .get(userController.getAllUsers)\r\n    .post(userController.createUser)\r\n\r\napp.route('/users/:user_id')\r\n    .get(userController.getUser)\r\n    .put(userController.updateUser)\r\n    .delete(userController.deleteUser)\r\n\r\n// Order Controller\r\napp.route('/orders/:user_id')\r\n    .get(orderController.getCurrentOrders)\r\n    .put(orderController.updateCurrentOrders)\r\n    .delete(orderController.deleteCurrentOrders)\r\n\r\napp.route('/order/:user_id')\r\n    .get(orderController.getOrder)\r\n\r\napp.route('/past-orders/:user_id')\r\n    .get(orderController.getPreviousOrders)\r\n    .put(orderController.updatePreviousOrders)\r\n    .delete(orderController.deletePreviousOrders)\r\n\r\n// Start server and listen on PORT mentioned\r\napp.listen(process.env.PORT, () => console.log(\r\n    `Listening on ${process.env.PORT}`\r\n))\r\n\r\nexport default app\r\n"]},"_coverageSchema":"1a1c01bbd47fc00a2c39e90264f33305004495a9","hash":"3a4964c36026993ab3d592a8b8b2c41546296fa9","contentHash":"f3ab7016932d914d9fd769aa9dfe98e4a5b4bcfe1a57fd572878b87a1428e1b3"},"C:\\Users\\Ali\\code\\projects\\ecom-api\\src\\controllers\\productController.js":{"path":"C:\\Users\\Ali\\code\\projects\\ecom-api\\src\\controllers\\productController.js","statementMap":{"0":{"start":{"line":3,"column":29},"end":{"line":3,"column":84}},"1":{"start":{"line":5,"column":0},"end":{"line":7,"column":3}},"2":{"start":{"line":8,"column":0},"end":{"line":8,"column":28}},"3":{"start":{"line":10,"column":19},"end":{"line":10,"column":80}},"4":{"start":{"line":12,"column":25},"end":{"line":12,"column":99}},"5":{"start":{"line":14,"column":15},"end":{"line":14,"column":67}},"6":{"start":{"line":16,"column":17},"end":{"line":16,"column":19}},"7":{"start":{"line":18,"column":0},"end":{"line":34,"column":2}},"8":{"start":{"line":19,"column":2},"end":{"line":33,"column":3}},"9":{"start":{"line":20,"column":4},"end":{"line":26,"column":7}},"10":{"start":{"line":21,"column":6},"end":{"line":25,"column":9}},"11":{"start":{"line":28,"column":4},"end":{"line":32,"column":7}},"12":{"start":{"line":36,"column":0},"end":{"line":81,"column":4}},"13":{"start":{"line":37,"column":13},"end":{"line":76,"column":5}},"14":{"start":{"line":38,"column":4},"end":{"line":75,"column":32}},"15":{"start":{"line":39,"column":6},"end":{"line":74,"column":7}},"16":{"start":{"line":40,"column":8},"end":{"line":73,"column":9}},"17":{"start":{"line":42,"column":12},"end":{"line":42,"column":30}},"18":{"start":{"line":43,"column":12},"end":{"line":43,"column":30}},"19":{"start":{"line":44,"column":12},"end":{"line":50,"column":15}},"20":{"start":{"line":45,"column":14},"end":{"line":49,"column":17}},"21":{"start":{"line":53,"column":12},"end":{"line":53,"column":30}},"22":{"start":{"line":54,"column":12},"end":{"line":54,"column":18}},"23":{"start":{"line":57,"column":12},"end":{"line":57,"column":30}},"24":{"start":{"line":58,"column":12},"end":{"line":58,"column":47}},"25":{"start":{"line":59,"column":12},"end":{"line":68,"column":15}},"26":{"start":{"line":72,"column":12},"end":{"line":72,"column":35}},"27":{"start":{"line":78,"column":2},"end":{"line":80,"column":4}},"28":{"start":{"line":79,"column":4},"end":{"line":79,"column":39}},"29":{"start":{"line":83,"column":0},"end":{"line":130,"column":4}},"30":{"start":{"line":84,"column":14},"end":{"line":125,"column":5}},"31":{"start":{"line":86,"column":4},"end":{"line":124,"column":33}},"32":{"start":{"line":87,"column":6},"end":{"line":123,"column":7}},"33":{"start":{"line":88,"column":8},"end":{"line":122,"column":9}},"34":{"start":{"line":90,"column":12},"end":{"line":90,"column":31}},"35":{"start":{"line":91,"column":12},"end":{"line":91,"column":31}},"36":{"start":{"line":92,"column":12},"end":{"line":97,"column":22}},"37":{"start":{"line":100,"column":12},"end":{"line":100,"column":37}},"38":{"start":{"line":102,"column":12},"end":{"line":106,"column":15}},"39":{"start":{"line":107,"column":12},"end":{"line":107,"column":32}},"40":{"start":{"line":108,"column":12},"end":{"line":108,"column":18}},"41":{"start":{"line":111,"column":12},"end":{"line":111,"column":31}},"42":{"start":{"line":112,"column":12},"end":{"line":112,"column":49}},"43":{"start":{"line":113,"column":12},"end":{"line":117,"column":15}},"44":{"start":{"line":121,"column":12},"end":{"line":121,"column":36}},"45":{"start":{"line":127,"column":2},"end":{"line":129,"column":4}},"46":{"start":{"line":128,"column":4},"end":{"line":128,"column":40}},"47":{"start":{"line":132,"column":0},"end":{"line":203,"column":4}},"48":{"start":{"line":133,"column":14},"end":{"line":198,"column":5}},"49":{"start":{"line":135,"column":4},"end":{"line":197,"column":34}},"50":{"start":{"line":136,"column":6},"end":{"line":196,"column":7}},"51":{"start":{"line":137,"column":8},"end":{"line":195,"column":9}},"52":{"start":{"line":139,"column":12},"end":{"line":139,"column":31}},"53":{"start":{"line":141,"column":12},"end":{"line":144,"column":13}},"54":{"start":{"line":142,"column":14},"end":{"line":142,"column":33}},"55":{"start":{"line":143,"column":14},"end":{"line":143,"column":20}},"56":{"start":{"line":146,"column":12},"end":{"line":152,"column":14}},"57":{"start":{"line":155,"column":12},"end":{"line":155,"column":31}},"58":{"start":{"line":156,"column":12},"end":{"line":162,"column":15}},"59":{"start":{"line":165,"column":12},"end":{"line":165,"column":31}},"60":{"start":{"line":166,"column":12},"end":{"line":166,"column":71}},"61":{"start":{"line":169,"column":12},"end":{"line":169,"column":43}},"62":{"start":{"line":170,"column":12},"end":{"line":174,"column":15}},"63":{"start":{"line":175,"column":12},"end":{"line":175,"column":32}},"64":{"start":{"line":176,"column":12},"end":{"line":176,"column":18}},"65":{"start":{"line":179,"column":12},"end":{"line":179,"column":32}},"66":{"start":{"line":180,"column":12},"end":{"line":180,"column":49}},"67":{"start":{"line":181,"column":12},"end":{"line":190,"column":15}},"68":{"start":{"line":194,"column":12},"end":{"line":194,"column":36}},"69":{"start":{"line":200,"column":2},"end":{"line":202,"column":4}},"70":{"start":{"line":201,"column":4},"end":{"line":201,"column":40}},"71":{"start":{"line":205,"column":0},"end":{"line":248,"column":4}},"72":{"start":{"line":206,"column":14},"end":{"line":243,"column":5}},"73":{"start":{"line":207,"column":4},"end":{"line":242,"column":33}},"74":{"start":{"line":208,"column":6},"end":{"line":241,"column":7}},"75":{"start":{"line":209,"column":8},"end":{"line":240,"column":9}},"76":{"start":{"line":211,"column":12},"end":{"line":211,"column":31}},"77":{"start":{"line":212,"column":12},"end":{"line":212,"column":31}},"78":{"start":{"line":213,"column":12},"end":{"line":213,"column":80}},"79":{"start":{"line":216,"column":12},"end":{"line":219,"column":15}},"80":{"start":{"line":220,"column":12},"end":{"line":220,"column":31}},"81":{"start":{"line":221,"column":12},"end":{"line":221,"column":18}},"82":{"start":{"line":224,"column":12},"end":{"line":224,"column":31}},"83":{"start":{"line":225,"column":12},"end":{"line":225,"column":49}},"84":{"start":{"line":226,"column":12},"end":{"line":235,"column":15}},"85":{"start":{"line":239,"column":12},"end":{"line":239,"column":36}},"86":{"start":{"line":245,"column":2},"end":{"line":247,"column":4}},"87":{"start":{"line":246,"column":4},"end":{"line":246,"column":40}},"88":{"start":{"line":250,"column":15},"end":{"line":250,"column":25}},"89":{"start":{"line":251,"column":0},"end":{"line":251,"column":30}}},"fnMap":{"0":{"name":"(anonymous_0)","decl":{"start":{"line":18,"column":28},"end":{"line":18,"column":29}},"loc":{"start":{"line":18,"column":48},"end":{"line":34,"column":1}},"line":18},"1":{"name":"(anonymous_1)","decl":{"start":{"line":20,"column":38},"end":{"line":20,"column":39}},"loc":{"start":{"line":20,"column":58},"end":{"line":26,"column":5}},"line":20},"2":{"name":"(anonymous_2)","decl":{"start":{"line":36,"column":37},"end":{"line":36,"column":38}},"loc":{"start":{"line":36,"column":49},"end":{"line":81,"column":1}},"line":36},"3":{"name":"_callee","decl":{"start":{"line":37,"column":100},"end":{"line":37,"column":107}},"loc":{"start":{"line":37,"column":118},"end":{"line":76,"column":3}},"line":37},"4":{"name":"_callee$","decl":{"start":{"line":38,"column":49},"end":{"line":38,"column":57}},"loc":{"start":{"line":38,"column":68},"end":{"line":75,"column":5}},"line":38},"5":{"name":"(anonymous_5)","decl":{"start":{"line":44,"column":76},"end":{"line":44,"column":77}},"loc":{"start":{"line":44,"column":95},"end":{"line":50,"column":13}},"line":44},"6":{"name":"(anonymous_6)","decl":{"start":{"line":78,"column":9},"end":{"line":78,"column":10}},"loc":{"start":{"line":78,"column":28},"end":{"line":80,"column":3}},"line":78},"7":{"name":"(anonymous_7)","decl":{"start":{"line":83,"column":40},"end":{"line":83,"column":41}},"loc":{"start":{"line":83,"column":52},"end":{"line":130,"column":1}},"line":83},"8":{"name":"_callee2","decl":{"start":{"line":84,"column":101},"end":{"line":84,"column":109}},"loc":{"start":{"line":84,"column":120},"end":{"line":125,"column":3}},"line":84},"9":{"name":"_callee2$","decl":{"start":{"line":86,"column":49},"end":{"line":86,"column":58}},"loc":{"start":{"line":86,"column":70},"end":{"line":124,"column":5}},"line":86},"10":{"name":"(anonymous_10)","decl":{"start":{"line":127,"column":9},"end":{"line":127,"column":10}},"loc":{"start":{"line":127,"column":29},"end":{"line":129,"column":3}},"line":127},"11":{"name":"(anonymous_11)","decl":{"start":{"line":132,"column":40},"end":{"line":132,"column":41}},"loc":{"start":{"line":132,"column":52},"end":{"line":203,"column":1}},"line":132},"12":{"name":"_callee3","decl":{"start":{"line":133,"column":101},"end":{"line":133,"column":109}},"loc":{"start":{"line":133,"column":120},"end":{"line":198,"column":3}},"line":133},"13":{"name":"_callee3$","decl":{"start":{"line":135,"column":49},"end":{"line":135,"column":58}},"loc":{"start":{"line":135,"column":70},"end":{"line":197,"column":5}},"line":135},"14":{"name":"(anonymous_14)","decl":{"start":{"line":200,"column":9},"end":{"line":200,"column":10}},"loc":{"start":{"line":200,"column":29},"end":{"line":202,"column":3}},"line":200},"15":{"name":"(anonymous_15)","decl":{"start":{"line":205,"column":40},"end":{"line":205,"column":41}},"loc":{"start":{"line":205,"column":52},"end":{"line":248,"column":1}},"line":205},"16":{"name":"_callee4","decl":{"start":{"line":206,"column":101},"end":{"line":206,"column":109}},"loc":{"start":{"line":206,"column":120},"end":{"line":243,"column":3}},"line":206},"17":{"name":"_callee4$","decl":{"start":{"line":207,"column":49},"end":{"line":207,"column":58}},"loc":{"start":{"line":207,"column":70},"end":{"line":242,"column":5}},"line":207},"18":{"name":"(anonymous_18)","decl":{"start":{"line":245,"column":9},"end":{"line":245,"column":10}},"loc":{"start":{"line":245,"column":29},"end":{"line":247,"column":3}},"line":245}},"branchMap":{"0":{"loc":{"start":{"line":40,"column":8},"end":{"line":73,"column":9}},"type":"switch","locations":[{"start":{"line":41,"column":10},"end":{"line":50,"column":15}},{"start":{"line":52,"column":10},"end":{"line":54,"column":18}},{"start":{"line":56,"column":10},"end":{"line":68,"column":15}},{"start":{"line":70,"column":10},"end":{"line":70,"column":17}},{"start":{"line":71,"column":10},"end":{"line":72,"column":35}}],"line":40},"1":{"loc":{"start":{"line":88,"column":8},"end":{"line":122,"column":9}},"type":"switch","locations":[{"start":{"line":89,"column":10},"end":{"line":97,"column":22}},{"start":{"line":99,"column":10},"end":{"line":108,"column":18}},{"start":{"line":110,"column":10},"end":{"line":117,"column":15}},{"start":{"line":119,"column":10},"end":{"line":119,"column":18}},{"start":{"line":120,"column":10},"end":{"line":121,"column":36}}],"line":88},"2":{"loc":{"start":{"line":137,"column":8},"end":{"line":195,"column":9}},"type":"switch","locations":[{"start":{"line":138,"column":10},"end":{"line":152,"column":14}},{"start":{"line":154,"column":10},"end":{"line":162,"column":15}},{"start":{"line":164,"column":10},"end":{"line":166,"column":71}},{"start":{"line":168,"column":10},"end":{"line":176,"column":18}},{"start":{"line":178,"column":10},"end":{"line":190,"column":15}},{"start":{"line":192,"column":10},"end":{"line":192,"column":18}},{"start":{"line":193,"column":10},"end":{"line":194,"column":36}}],"line":137},"3":{"loc":{"start":{"line":141,"column":12},"end":{"line":144,"column":13}},"type":"if","locations":[{"start":{"line":141,"column":12},"end":{"line":144,"column":13}},{"start":{"line":141,"column":12},"end":{"line":144,"column":13}}],"line":141},"4":{"loc":{"start":{"line":141,"column":18},"end":{"line":141,"column":76}},"type":"binary-expr","locations":[{"start":{"line":141,"column":18},"end":{"line":141,"column":32}},{"start":{"line":141,"column":36},"end":{"line":141,"column":51}},{"start":{"line":141,"column":55},"end":{"line":141,"column":76}}],"line":141},"5":{"loc":{"start":{"line":183,"column":24},"end":{"line":183,"column":95}},"type":"cond-expr","locations":[{"start":{"line":183,"column":48},"end":{"line":183,"column":69}},{"start":{"line":183,"column":72},"end":{"line":183,"column":95}}],"line":183},"6":{"loc":{"start":{"line":209,"column":8},"end":{"line":240,"column":9}},"type":"switch","locations":[{"start":{"line":210,"column":10},"end":{"line":213,"column":80}},{"start":{"line":215,"column":10},"end":{"line":221,"column":18}},{"start":{"line":223,"column":10},"end":{"line":235,"column":15}},{"start":{"line":237,"column":10},"end":{"line":237,"column":17}},{"start":{"line":238,"column":10},"end":{"line":239,"column":36}}],"line":209}},"s":{"0":1,"1":1,"2":1,"3":1,"4":1,"5":1,"6":1,"7":1,"8":1,"9":1,"10":1,"11":0,"12":1,"13":1,"14":2,"15":4,"16":5,"17":2,"18":2,"19":2,"20":1,"21":1,"22":1,"23":1,"24":1,"25":1,"26":2,"27":1,"28":2,"29":1,"30":1,"31":2,"32":4,"33":5,"34":2,"35":2,"36":2,"37":1,"38":1,"39":1,"40":1,"41":1,"42":1,"43":1,"44":2,"45":1,"46":2,"47":1,"48":1,"49":3,"50":7,"51":10,"52":3,"53":3,"54":2,"55":2,"56":1,"57":2,"58":2,"59":1,"60":1,"61":1,"62":1,"63":1,"64":1,"65":2,"66":2,"67":2,"68":3,"69":1,"70":3,"71":1,"72":1,"73":2,"74":4,"75":5,"76":2,"77":2,"78":2,"79":1,"80":1,"81":1,"82":1,"83":1,"84":1,"85":2,"86":1,"87":2,"88":1,"89":1},"f":{"0":1,"1":1,"2":1,"3":2,"4":4,"5":1,"6":2,"7":1,"8":2,"9":4,"10":2,"11":1,"12":3,"13":7,"14":3,"15":1,"16":2,"17":4,"18":2},"b":{"0":[2,1,1,2,2],"1":[2,1,1,2,2],"2":[3,2,1,1,2,3,3],"3":[2,1],"4":[3,2,2],"5":[1,1],"6":[2,1,1,2,2]},"inputSourceMap":{"version":3,"sources":["productController.js"],"names":["controller","getAllProducts","req","res","Product","find","then","products","status","send","err","errors","logError","details","getProduct","findById","params","product_id","product","messageFormat","kind","value","reason","createProduct","name","body","price","description","user","save","updateProduct","findByIdAndUpdate","$set","deleteProduct","findByIdAndDelete"],"mappings":";;;;;;;;;;;;;AAAA;;AAEA,IAAMA,UAAU,GAAG,EAAnB;;AAEAA,UAAU,CAACC,cAAX,GAA4B,UAAC
[...]
D,CAAuD,QAAvD;AACAL,UAAAA,GAAG,CAACG,IAAJ,CAASK,IAAT,CAAc1B,MAAd,CAAqBmB,IAArB,CAA0BK,QAA1B,CAAmC,UAAnC,EAA+CC,GAA/C,CAAmD,QAAnD;AACAP,UAAAA,GAAG,CAACG,IAAJ,CAASK,IAAT,CAAc1B,MAAd,CAAqBmB,IAArB,CAA0BK,QAA1B,CAAmC,KAAnC,EAA0CG,EAA1C,CAA6CL,EAA7C,CAAgDC,CAAhD,CAAkD,QAAlD,EAPe,CAQf;;AACAL,UAAAA,GAAG,CAACG,IAAJ,CAASK,IAAT,CAAc1B,MAAd,CAAqBmB,IAArB,CAA0BK,QAA1B,CAAmC,OAAnC,EAA4CG,EAA5C,CAA+CL,EAA/C,CAAkDC,CAAlD,CAAoD,QAApD;AACAL,UAAAA,GAAG,CAACG,IAAJ,CAASK,IAAT,CAAc1B,MAAd,CAAqBmB,IAArB,CAA0BK,QAA1B,CAAmC,OAAnC,EAA4CC,GAA5C,CAAgD,eAAhD;AACJnB,UAAAA,IAAI;AACH,SAfD;AAgBH,OAjBD;AAkBH,KAzBC,CAAF;AA0BH,GA3BO,CAAR;AA4BH,CA5JO,CAAR","sourceRoot":"C:\\Users\\Ali\\code\\projects\\ecom-api\\src\\tests\\endpoints\\","sourcesContent":["import chai from 'chai'\r\nimport chaiHttp from 'chai-http'\r\nimport server from '../../server'\r\nimport User from '../../models/user'\r\nimport chaiDateString from 'chai-date-string'\r\nimport { dummyUser } from '../configData'\r\n// Enable Chai Config when testing\r\nchai.should()\r\nconst expect = chai.expect\r\nchai.use(chaiDateString)\r\nchai.use(chaiHttp)\r\n\r\n//  ADD MORGAN LOGS and change env to test for this\r\n\r\ndescribe('Users', (done) => {\r\n    beforeEach((done) => {\r\n        User.deleteMany({}, (err) => {\r\n            done()\r\n        })        \r\n    })\r\n\r\n    // Create a User\r\n    describe('/POST User', () => {\r\n        it('it should not create a user without any issue', (done) => {\r\n            chai.request(server)\r\n            .post('/users')\r\n            .send(dummyUser)\r\n            .end((err, res) => {\r\n                res.should.have.status(201)\r\n                res.body.should.be.a('object')\r\n                res.body.should.have.property('errors').eql(false)\r\n                res.body.should.have.property('data')\r\n                res.body.data.should.be.a('object')\r\n                // Check User details\r\n                res.body.data.should.have.property('username').to.be.a('string')\r\n                res.body.data.should.have.property('_id').to.be.a('string')\r\n                res.body.data.should.have.property('password').to.be.a('string')\r\n                res.body.data.should.have.property('password').to.have.lengthOf.above(4)\r\n                res.body.data.should.have.property('email').to.be.a('string')\r\n                expect(res.body.data.date).to.be.a.dateString()\r\n                done()\r\n            })\r\n        })\r\n        // Test error handling\r\n        it('it should handle error when missing fields are present', (done) => {\r\n            chai.request(server)\r\n            .post(`/users`)\r\n            .send({})\r\n            .end((err, res) => {\r\n                res.should.have.status(400)\r\n                res.body.should.be.a('object')\r\n                res.body.should.have.property('errors').eql(true)\r\n                res.body.should.have.a.property('logError').eql('Invalid request body')\r\n                res.body.should.have.a.property('message').eql('Missing fields -- username, password or email')\r\n                done()\r\n            })\r\n        })\r\n    })\r\n\r\n    // GET for all Users - Test\r\n    describe('/GET users', () => {\r\n        it('it should get all users', (done) => {\r\n            chai.request(server)\r\n            .get('/users')\r\n            .end((err, res) => {\r\n                res.should.have.status(200)\r\n                res.body.should.have.property('message').eql('OK')\r\n                res.body.data.should.be.a('array')\r\n                res.body.data.length.should.be.eql(0)\r\n                res.body.should.have.property('errors').eql(false)\r\n                done()\r\n            })\r\n        })\r\n         // Test error handling\r\n         it('it should handle error missing jwt', (done) => {\r\n            done()\r\n            //Todo -- add after JWT addition\r\n        })\r\n    })\r\n\r\n    // Delete a user\r\n     describe('/DELETE User', () => {\r\n        it('it should check for user deletion', (done) => {\r\n            new User(dummyUser).save().then((u) => {\r\n                chai.request(server)\r\n                .delete(`/users/${u._id}`)\r\n                .end((err, res) => {\r\n                    res.should.have.status(200)\r\n                    res.body.should.be.a('object')\r\n                    res.body.should.have.property('errors').eql(false)\r\n                    res.body.should.have.a.property('message').eql('Deleted')\r\n\r\n                    done()\r\n                })\r\n            })\r\n        })\r\n        // Test error handling\r\n        it('it should handle error when invalid user id is present on DELETE', (done) => {\r\n            chai.request(server)\r\n            .delete('/users/gibberish')\r\n            .end((err, res) => {\r\n                res.should.have.status(400)\r\n                res.body.should.have.property('errors').eql(true)\r\n                res.body.should.have.property('message')\r\n                done()\r\n            })\r\n        })\r\n    })\r\n\r\n    // GET User based on id\r\n    describe('/GET:id users', () => {\r\n        it('it should get user based on id', (done) => {\r\n            const user = new User({\r\n                username: 'test',\r\n                email: 'test@test.com',\r\n                password: 'test13',\r\n            })\r\n            user.save().then((u) => {\r\n                chai.request(server)\r\n                .get(`/users/${u._id}`)\r\n                .send(u)\r\n                .end((err, res) => {\r\n                    res.should.have.status(200)\r\n                    res.body.should.be.a('object')\r\n                    res.body.should.have.property('errors').eql(false)\r\n                    res.body.should.have.property('data')\r\n                    res.body.data.should.be.a('object')\r\n                    // Check User details\r\n                    res.body.data.should.have.property('username').to.be.a('string')\r\n                    res.body.data.should.have.property('_id').to.be.a('string')\r\n                    res.body.data.should.have.property('password').to.be.a('string')\r\n                    res.body.data.should.have.property('password').to.have.lengthOf.above(4)\r\n                    res.body.data.should.have.property('email').to.be.a('string')\r\n                    expect(res.body.data.date).to.be.a.dateString()\r\n\r\n                    done()\r\n                })\r\n            })\r\n        })\r\n    })\r\n\r\n    // Update a user\r\n    describe('PUT/:id user', () => {\r\n        it('it should UPDATE a user given the id', (done) => {\r\n            let user = new User({\r\n                username: 'test',\r\n                email: 'test@test.com',\r\n                password: 'test13',\r\n            })\r\n\r\n            user.save().then((u) => {\r\n                chai.request(server)\r\n                .put(`/users/${u._id}`)\r\n                .send({username: 'test12', email: 'test@mail.com', password: 'test14'})\r\n                .end((err, res) => {\r\n                    res.should.have.status(200);\r\n                    res.body.should.be.a('object');\r\n                    res.body.should.have.a.property('message').eql('Updated')\r\n                    // Check User details\r\n                    res.body.data.should.have.property('username').to.be.a('string')\r\n                    res.body.data.should.have.property('username').eql('test12')\r\n                    res.body.data.should.have.property('_id').to.be.a('string')\r\n                    // Add diff password logic\r\n                    res.body.data.should.have.property('email').to.be.a('string')\r\n                    res.body.data.should.have.property('email').eql('test@mail.com')\r\n                done();\r\n                });\r\n            });\r\n        })\r\n    })\r\n})"]},"_coverageSchema":"1a1c01bbd47fc00a2c39e90264f33305004495a9","hash":"b822eeff1a389d7f5393a2768f33cf7a7956bc6b","contentHash":"c285924faf75828e30e09afa254116589a4080392dbf50cee3035d7d3d3fc553"},"C:\\Users\\Ali\\code\\projects\\ecom-api\\src\\tests\\model\\order.js":{"path":"C:\\Users\\Ali\\code\\projects\\ecom-api\\src\\tests\\model\\order.js","statementMap":{"0":{"start":{"line":3,"column":29},"end":{"line":3,"column":84}},"1":{"start":{"line":5,"column":12},"end":{"line":5,"column":51}},"2":{"start":{"line":7,"column":13},"end":{"line":7,"column":66}},"3":{"start":{"line":9,"column":13},"end":{"line":9,"column":36}},"4":{"start":{"line":10,"column":0},"end":{"line":18,"column":3}},"5":{"start":{"line":11,"column":2},"end":{"line":17,"column":5}},"6":{"start":{"line":12,"column":12},"end":{"line":12,"column":35}},"7":{"start":{"line":13,"column":4},"end":{"line":16,"column":7}},"8":{"start":{"line":14,"column":6},"end":{"line":14,"column":39}},"9":{"start":{"line":15,"column":6},"end":{"line":15,"column":13}}},"fnMap":{"0":{"name":"(anonymous_0)","decl":{"start":{"line":10,"column":24},"end":{"line":10,"column":25}},"loc":{"start":{"line":10,"column":36},"end":{"line":18,"column":1}},"line":10},"1":{"name":"(anonymous_1)","decl":{"start":{"line":11,"column":51},"end":{"line":11,"column":52}},"loc":{"start":{"line":11,"column":67},"end":{"line":17,"column":3}},"line":11},"2":{"name":"(anonymous_2)","decl":{"start":{"line":13,"column":15},"end":{"line":13,"column":16}},"loc":{"start":{"line":13,"column":30},"end":{"line":16,"column":5}},"line":13}},"branchMap":{},"s":{"0":1,"1":1,"2":1,"3":1,"4":1,"5":1,"6":1,"7":1,"8":1,"9":1},"f":{"0":1,"1":1,"2":1},"b":{},"inputSourceMap":{"version":3,"sources":["order.js"],"names":["expect","chai","describe","it","done","o","Order","validate","err","errors","user","to","exist"],"mappings":";;;;AAAA;;AACA;;AAEA,IAAMA,MAAM,GAAGC,iBAAKD,MAApB;AAEAE,QAAQ,CAAC,aAAD,EAAgB,YAAM;AAC1BC,EAAAA,EAAE,CAAC,4CAAD,EAA+C,UAASC,IAAT,EAAe;AAC5D,QAAMC,CAAC,GAAG,IAAIC,iBAAJ,EAAV;AACAD,IAAAA,CAAC,CAACE,QAAF,CAAW,UAACC,GAAD,EAAS;AAChBR,MAAAA,MAAM,CAACQ,GAAG,CAACC,MAAJ,CAAWC,IAAZ,CAAN,CAAwBC,EAAxB,CAA2BC,KAA3B;AACAR,MAAAA,IAAI;AACP,KAHD;AAIH,GANC,CAAF;AAOH,CARO,CAAR","sourceRoot":"C:\\Users\\Ali\\code\\projects\\ecom-api\\src\\tests\\model\\","sourcesContent":["import chai from 'chai'\r\nimport Order from '../../models/order'\r\n\r\nconst expect = chai.expect\r\n \r\ndescribe('Order Model', () => {\r\n    it('should be invalid if product name is empty', function(done) {\r\n        const o = new Order()\r\n        o.validate((err) => {\r\n            expect(err.errors.user).to.exist\r\n            done()\r\n        })\r\n    })\r\n})\r\n"]},"_coverageSchema":"1a1c01bbd47fc00a2c39e90264f33305004495a9","hash":"f47f16c95f62dd4159ba918ac52fdd090dbf5203","contentHash":"863bb9584ed11ac7653ac06b8075c8a21aef6a55305e9245b5a83b28268cbd8d"},"C:\\Users\\Ali\\code\\projects\\ecom-api\\src\\tests\\model\\product.js":{"path":"C:\\Users\\Ali\\code\\projects\\ecom-api\\src\\tests\\model\\product.js","statementMap":{"0":{"start":{"line":3,"column":29},"end":{"line":3,"column":84}},"1":{"start":{"line":5,"column":12},"end":{"line":5,"column":51}},"2":{"start":{"line":7,"column":15},"end":{"line":7,"column":70}},"3":{"start":{"line":9,"column":13},"end":{"line":9,"column":36}},"4":{"start":{"line":10,"column":0},"end":{"line":25,"column":3}},"5":{"start":{"line":11,"column":2},"end":{"line":17,"column":5}},"6":{"start":{"line":12,"column":12},"end":{"line":12,"column":37}},"7":{"start":{"line":13,"column":4},"end":{"line":16,"column":7}},"8":{"start":{"line":14,"column":6},"end":{"line":14,"column":39}},"9":{"start":{"line":15,"column":6},"end":{"line":15,"column":13}},"10":{"start":{"line":18,"column":2},"end":{"line":24,"column":5}},"11":{"start":{"line":19,"column":12},"end":{"line":19,"column":37}},"12":{"start":{"line":20,"column":4},"end":{"line":23,"column":7}},"13":{"start":{"line":21,"column":6},"end":{"line":21,"column":46}},"14":{"start":{"line":22,"column":6},"end":{"line":22,"column":13}}},"fnMap":{"0":{"name":"(anonymous_0)","decl":{"start":{"line":10,"column":26},"end":{"line":10,"column":27}},"loc":{"start":{"line":10,"column":38},"end":{"line":25,"column":1}},"line":10},"1":{"name":"(anonymous_1)","decl":{"start":{"line":11,"column":51},"end":{"line":11,"column":52}},"loc":{"start":{"line":11,"column":67},"end":{"line":17,"column":3}},"line":11},"2":{"name":"(anonymous_2)","decl":{"start":{"line":13,"column":15},"end":{"line":13,"column":16}},"loc":{"start":{"line":13,"column":30},"end":{"line":16,"column":5}},"line":13},"3":{"name":"(anonymous_3)","decl":{"start":{"line":18,"column":47},"end":{"line":18,"column":48}},"loc":{"start":{"line":18,"column":63},"end":{"line":24,"column":3}},"line":18},"4":{"name":"(anonymous_4)","decl":{"start":{"line":20,"column":15},"end":{"line":20,"column":16}},"loc":{"start":{"line":20,"column":30},"end":{"line":23,"column":5}},"line":20}},"branchMap":{},"s":{"0":1,"1":1,"2":1,"3":1,"4":1,"5":1,"6":1,"7":1,"8":1,"9":1,"10":1,"11":1,"12":1,"13":1,"14":1},"f":{"0":1,"1":1,"2":1,"3":1,"4":1},"b":{},"inputSourceMap":{"version":3,"sources":["product.js"],"names":["expect","chai","describe","it","done","p","Product","validate","err","errors","name","to","exist","description"],"mappings":";;;;AAAA;;AACA;;AAEA,IAAMA,MAAM,GAAGC,iBAAKD,MAApB;AAEAE,QAAQ,CAAC,eAAD,EAAkB,YAAM;AAC5BC,EAAAA,EAAE,CAAC,4CAAD,EAA+C,UAASC,IAAT,EAAe;AAC5D,QAAMC,CAAC,GAAG,IAAIC,mBAAJ,EAAV;AACAD,IAAAA,CAAC,CAACE,QAAF,CAAW,UAACC,GAAD,EAAS;AAChBR,MAAAA,MAAM,CAACQ,GAAG,CAACC,MAAJ,CAAWC,IAAZ,CAAN,CAAwBC,EAAxB,CAA2BC,KAA3B;AACAR,MAAAA,IAAI;AACP,KAHD;AAIH,GANC,CAAF;AAQAD,EAAAA,EAAE,CAAC,wCAAD,EAA2C,UAASC,IAAT,EAAe;AACxD,QAAMC,CAAC,GAAG,IAAIC,mBAAJ,EAAV;AACAD,IAAAA,CAAC,CAACE,QAAF,CAAW,UAACC,GAAD,EAAS;AAChBR,MAAAA,MAAM,CAACQ,GAAG,CAACC,MAAJ,CAAWI,WAAZ,CAAN,CAA+BF,EAA/B,CAAkCC,KAAlC;AACAR,MAAAA,IAAI;AACP,KAHD;AAIH,GANC,CAAF;AAOH,CAhBO,CAAR","sourceRoot":"C:\\Users\\Ali\\code\\projects\\ecom-api\\src\\tests\\model\\","sourcesContent":["import chai from 'chai'\r\nimport Product from '../../models/product'\r\n\r\nconst expect = chai.expect\r\n \r\ndescribe('Product Model', () => {\r\n    it('should be invalid if product name is empty', function(done) {\r\n        const p = new Product()    \r\n        p.validate((err) => {\r\n            expect(err.errors.name).to.exist\r\n            done()\r\n        })\r\n    })\r\n\r\n    it('should be invalid if password is empty', function(done) {\r\n        const p = new Product()    \r\n        p.validate((err) => {\r\n            expect(err.errors.description).to.exist\r\n            done()\r\n        })\r\n    })\r\n})\r\n"]},"_coverageSchema":"1a1c01bbd47fc00a2c39e90264f33305004495a9","hash":"14414b20861bd420e1113b6b3a6830092334cded","contentHash":"28c09546c55eb9b30e15eb05b487bc548d4bfc796fda99489c5ce8fb24b8507d"},"C:\\Users\\Ali\\code\\projects\\ecom-api\\src\\tests\\model\\user.js":{"path":"C:\\Users\\Ali\\code\\projects\\ecom-api\\src\\tests\\model\\user.js","statementMap":{"0":{"start":{"line":3,"column":29},"end":{"line":3,"column":84}},"1":{"start":{"line":5,"column":12},"end":{"line":5,"column":51}},"2":{"start":{"line":7,"column":12},"end":{"line":7,"column":64}},"3":{"start":{"line":9,"column":13},"end":{"line":9,"column":36}},"4":{"start":{"line":10,"column":0},"end":{"line":32,"column":3}},"5":{"start":{"line":11,"column":2},"end":{"line":17,"column":5}},"6":{"start":{"line":12,"column":12},"end":{"line":12,"column":34}},"7":{"start":{"line":13,"column":4},"end":{"line":16,"column":7}},"8":{"start":{"line":14,"column":6},"end":{"line":14,"column":43}},"9":{"start":{"line":15,"column":6},"end":{"line":15,"column":13}},"10":{"start":{"line":18,"column":2},"end":{"line":24,"column":5}},"11":{"start":{"line":19,"column":12},"end":{"line":19,"column":34}},"12":{"start":{"line":20,"column":4},"end":{"line":23,"column":7}},"13":{"start":{"line":21,"column":6},"end":{"line":21,"column":43}},"14":{"start":{"line":22,"column":6},"end":{"line":22,"column":13}},"15":{"start":{"line":25,"column":2},"end":{"line":31,"column":5}},"16":{"start":{"line":26,"column":12},"end":{"line":26,"column":34}},"17":{"start":{"line":27,"column":4},"end":{"line":30,"column":7}},"18":{"start":{"line":28,"column":6},"end":{"line":28,"column":40}},"19":{"start":{"line":29,"column":6},"end":{"line":29,"column":13}}},"fnMap":{"0":{"name":"(anonymous_0)","decl":{"start":{"line":10,"column":23},"end":{"line":10,"column":24}},"loc":{"start":{"line":10,"column":35},"end":{"line":32,"column":1}},"line":10},"1":{"name":"(anonymous_1)","decl":{"start":{"line":11,"column":47},"end":{"line":11,"column":48}},"loc":{"start":{"line":11,"column":63},"end":{"line":17,"column":3}},"line":11},"2":{"name":"(anonymous_2)","decl":{"start":{"line":13,"column":15},"end":{"line":13,"column":16}},"loc":{"start":{"line":13,"column":30},"end":{"line":16,"column":5}},"line":13},"3":{"name":"(anonymous_3)","decl":{"start":{"line":18,"column":47},"end":{"line":18,"column":48}},"loc":{"start":{"line":18,"column":63},"end":{"line":24,"column":3}},"line":18},"4":{"name":"(anonymous_4)","decl":{"start":{"line":20,"column":15},"end":{"line":20,"column":16}},"loc":{"start":{"line":20,"column":30},"end":{"line":23,"column":5}},"line":20},"5":{"name":"(anonymous_5)","decl":{"start":{"line":25,"column":44},"end":{"line":25,"column":45}},"loc":{"start":{"line":25,"column":60},"end":{"line":31,"column":3}},"line":25},"6":{"name":"(anonymous_6)","decl":{"start":{"line":27,"column":15},"end":{"line":27,"column":16}},"loc":{"start":{"line":27,"column":30},"end":{"line":30,"column":5}},"line":27}},"branchMap":{},"s":{"0":1,"1":1,"2":1,"3":1,"4":1,"5":1,"6":1,"7":1,"8":1,"9":1,"10":1,"11":1,"12":1,"13":1,"14":1,"15":1,"16":1,"17":1,"18":1,"19":1},"f":{"0":1,"1":1,"2":1,"3":1,"4":1,"5":1,"6":1},"b":{},"inputSourceMap":{"version":3,"sources":["user.js"],"names":["expect","chai","describe","it","done","u","User","validate","err","errors","username","to","exist","password","email"],"mappings":";;;;AAAA;;AACA;;AAEA,IAAMA,MAAM,GAAGC,iBAAKD,MAApB;AAGAE,QAAQ,CAAC,YAAD,EAAe,YAAM;AACzBC,EAAAA,EAAE,CAAC,wCAAD,EAA2C,UAASC,IAAT,EAAe;AACxD,QAAMC,CAAC,GAAG,IAAIC,gBAAJ,EAAV;AACAD,IAAAA,CAAC,CAACE,QAAF,CAAW,UAACC,GAAD,EAAS;AAChBR,MAAAA,MAAM,CAACQ,GAAG,CAACC,MAAJ,CAAWC,QAAZ,CAAN,CAA4BC,EAA5B,CAA+BC,KAA/B;AACAR,MAAAA,IAAI;AACP,KAHD;AAIH,GANC,CAAF;AAQAD,EAAAA,EAAE,CAAC,wCAAD,EAA2C,UAASC,IAAT,EAAe;AACxD,QAAMC,CAAC,GAAG,IAAIC,gBAAJ,EAAV;AACAD,IAAAA,CAAC,CAACE,QAAF,CAAW,UAACC,GAAD,EAAS;AAChBR,MAAAA,MAAM,CAACQ,GAAG,CAACC,MAAJ,CAAWI,QAAZ,CAAN,CAA4BF,EAA5B,CAA+BC,KAA/B;AACAR,MAAAA,IAAI;AACP,KAHD;AAIH,GANC,CAAF;AAQAD,EAAAA,EAAE,CAAC,qCAAD,EAAwC,UAASC,IAAT,EAAe;AACrD,QAAMC,CAAC,GAAG,IAAIC,gBAAJ,EAAV;AACAD,IAAAA,CAAC,CAACE,QAAF,CAAW,UAACC,GAAD,EAAS;AAChBR,MAAAA,MAAM,CAACQ,GAAG,CAACC,MAAJ,CAAWK,KAAZ,CAAN,CAAyBH,EAAzB,CAA4BC,KAA5B;AACAR,MAAAA,IAAI;AACP,KAHD;AAIH,GANC,CAAF;AAOH,CAxBO,CAAR","sourceRoot":"C:\\Users\\Ali\\code\\projects\\ecom-api\\src\\tests\\model\\","sourcesContent":["import chai from 'chai'\r\nimport User from '../../models/user'\r\n\r\nconst expect = chai.expect\r\n\r\n \r\ndescribe('User Model', () => {\r\n    it('should be invalid if username is empty', function(done) {\r\n        const u = new User()    \r\n        u.validate((err) => {\r\n            expect(err.errors.username).to.exist\r\n            done()\r\n        })\r\n    })\r\n\r\n    it('should be invalid if password is empty', function(done) {\r\n        const u = new User()    \r\n        u.validate((err) => {\r\n            expect(err.errors.password).to.exist\r\n            done()\r\n        })\r\n    })\r\n\r\n    it('should be invalid if email is empty', function(done) {\r\n        const u = new User()    \r\n        u.validate((err) => {\r\n            expect(err.errors.email).to.exist\r\n            done()\r\n        })\r\n    })\r\n})"]},"_coverageSchema":"1a1c01bbd47fc00a2c39e90264f33305004495a9","hash":"383c92337e84b7f1966ba47f93283c2cb9952dcb","contentHash":"b79918df2cda05c495e63000d72add6a913e4e310ff9285bab63fdbbf516d101"}}